fail: 2023-01-24 17:15:07.0052366 +08:00 星期二 L System.Logging.LoggingMonitor[0] #7
      ┏━━━━━━━━━━━  Logging Monitor ━━━━━━━━━━━
      ┣ Hx.Gateway.Application.Services.System.SystemService.LoginAsync (Hx.Gateway.Application)
      ┣ 
      ┣ 控制器名称：                  SystemService
      ┣ 操作名称：                    LoginAsync
      ┣ 路由信息：                    [area]: ; [controller]: system; [action]: login
      ┣ 请求方式：                    POST
      ┣ 请求地址：                    http://localhost:5050/api/system/login
      ┣ 来源地址：                    http://localhost:3000/
      ┣ 请求端源：                    client
      ┣ 浏览器标识：                  Mozilla/5.0 (Windows NT 10.0; Win64; x64) AppleWebKit/537.36 (KHTML, like Gecko) Chrome/109.0.0.0 Safari/537.36
      ┣ 客户端 IP 地址：              0.0.0.1
      ┣ 服务端 IP 地址：              0.0.0.1
      ┣ 执行耗时：                    242ms
      ┣ ━━━━━━━━━━━━━━━  Cookies ━━━━━━━━━━━━━━━
      ┣ 请求端：                      
      ┣ 响应端：                      
      ┣ ━━━━━━━━━━━━━━━  系统信息 ━━━━━━━━━━━━━━━
      ┣ 系统名称：                    Microsoft Windows 10.0.18363
      ┣ 系统架构：                    X64
      ┣ 基础框架：                    Furion.Pure v4.8.4.16
      ┣ .NET 架构：                   .NET 6.0.11
      ┣ ━━━━━━━━━━━━━━━  启动信息 ━━━━━━━━━━━━━━━
      ┣ 运行环境：                    Development
      ┣ 启动程序集：                  Hx.Gateway.Web.Entry
      ┣ 进程名称：                    Hx.Gateway.Web.Entry
      ┣ 托管程序：                    Kestrel
      ┣ ━━━━━━━━━━━━━━━  参数列表 ━━━━━━━━━━━━━━━
      ┣ Content-Type：                application/json
      ┣ 
      ┣ request (LoginInput)：        {"account":"admin","password":"123456","code":null,"openId":null,"loginSource":0}
      ┣ ━━━━━━━━━━━━━━━  返回信息 ━━━━━━━━━━━━━━━
      ┣ 原始类型：                    System.Threading.Tasks.Task_Hx.Gateway.Application.Services.System.Dtos.LoginOutput
      ┣ 最终类型：                    
      ┣ 最终返回值：                  null
      ┣ ━━━━━━━━━━━━━━━  异常信息 ━━━━━━━━━━━━━━━
      ┣ 类型：                        System.ArgumentNullException
      ┣ 消息：                        String reference not set to an instance of a String. (Parameter 's')
      ┣ 错误堆栈：                    at System.Text.Encoding.GetBytes(String s)
      ┗━━━━━━━━━━━  Logging Monitor ━━━━━━━━━━━      
      ++++++++++++++++++++++++++++++++++++++++++++++++++++++++
      System.ArgumentNullException: String reference not set to an instance of a String. (Parameter 's')
         at System.Text.Encoding.GetBytes(String s)
         at Hx.Gateway.Application.Totp.Verify(String securityToken, String code, TimeSpan timeToleration) in E:\workspace\dotnet\myprojet\hx-micros\src\services\gateway\Hx.Gateway.Application\Util\Totp.cs:line 85
         at Hx.Gateway.Application.Services.System.SystemService.LoginByTotpAsync(LoginInput input) in E:\workspace\dotnet\myprojet\hx-micros\src\services\gateway\Hx.Gateway.Application\Services\System\SystemService.cs:line 106
         at Hx.Gateway.Application.Services.System.SystemService.LoginAsync(LoginInput request) in E:\workspace\dotnet\myprojet\hx-micros\src\services\gateway\Hx.Gateway.Application\Services\System\SystemService.cs:line 31
         at lambda_method23(Closure , Object )
         at Microsoft.AspNetCore.Mvc.Infrastructure.ActionMethodExecutor.AwaitableObjectResultExecutor.Execute(IActionResultTypeMapper mapper, ObjectMethodExecutor executor, Object controller, Object[] arguments)
         at Microsoft.AspNetCore.Mvc.Infrastructure.ControllerActionInvoker.<InvokeActionMethodAsync>g__Logged|12_1(ControllerActionInvoker invoker)
         at Microsoft.AspNetCore.Mvc.Infrastructure.ControllerActionInvoker.<InvokeNextActionFilterAsync>g__Awaited|10_0(ControllerActionInvoker invoker, Task lastTask, State next, Scope scope, Object state, Boolean isCompleted)
      ++++++++++++++++++++++++++++++++++++++++++++++++++++++++
fail: 2023-01-24 20:46:32.1636594 +08:00 星期二 L Microsoft.AspNetCore.SignalR.HubConnectionHandler[1] #49
      Error when dispatching 'OnConnectedAsync' on hub.      
      ++++++++++++++++++++++++++++++++++++++++++++++++++++++++
      SqlSugar.SqlSugarException: ConfigId was not found OcelotSettings
         at SqlSugar.Check.Exception(Boolean isException, String message, String[] args)
         at System.Dynamic.UpdateDelegates.UpdateAndExecuteVoid4[T0,T1,T2,T3](CallSite site, T0 arg0, T1 arg1, T2 arg2, T3 arg3)
         at SqlSugar.SqlSugarClient.GetConnection(Object configId)
         at SqlSugar.SqlSugarClient.GetConnectionScope(Object configId)
         at Hx.Gateway.Application.Services.Routes.RouteCacheService..ctor(ISqlSugarClient db) in E:\workspace\dotnet\myprojet\hx-micros\src\services\gateway\Hx.Gateway.Application\Services\Routes\RouteCacheService.cs:line 9
         at System.RuntimeMethodHandle.InvokeMethod(Object target, Span`1& arguments, Signature sig, Boolean constructor, Boolean wrapExceptions)
         at System.Reflection.RuntimeConstructorInfo.Invoke(BindingFlags invokeAttr, Binder binder, Object[] parameters, CultureInfo culture)
         at Microsoft.Extensions.DependencyInjection.ServiceLookup.CallSiteRuntimeResolver.VisitConstructor(ConstructorCallSite constructorCallSite, RuntimeResolverContext context)
         at Microsoft.Extensions.DependencyInjection.ServiceLookup.CallSiteRuntimeResolver.VisitDisposeCache(ServiceCallSite transientCallSite, RuntimeResolverContext context)
         at Microsoft.Extensions.DependencyInjection.ServiceLookup.CallSiteVisitor`2.VisitCallSite(ServiceCallSite callSite, TArgument argument)
         at Microsoft.Extensions.DependencyInjection.ServiceLookup.CallSiteRuntimeResolver.VisitConstructor(ConstructorCallSite constructorCallSite, RuntimeResolverContext context)
         at Microsoft.Extensions.DependencyInjection.ServiceLookup.CallSiteRuntimeResolver.VisitDisposeCache(ServiceCallSite transientCallSite, RuntimeResolverContext context)
         at Microsoft.Extensions.DependencyInjection.ServiceLookup.CallSiteVisitor`2.VisitCallSite(ServiceCallSite callSite, TArgument argument)
         at Microsoft.Extensions.DependencyInjection.ServiceLookup.CallSiteRuntimeResolver.Resolve(ServiceCallSite callSite, ServiceProviderEngineScope scope)
         at Microsoft.Extensions.DependencyInjection.ServiceLookup.DynamicServiceProviderEngine.<>c__DisplayClass2_0.<RealizeService>b__0(ServiceProviderEngineScope scope)
         at Microsoft.Extensions.DependencyInjection.ServiceProvider.GetService(Type serviceType, ServiceProviderEngineScope serviceProviderEngineScope)
         at Microsoft.Extensions.DependencyInjection.ActivatorUtilities.GetService(IServiceProvider sp, Type type, Type requiredBy, Boolean isDefaultParameterRequired)
         at lambda_method73(Closure , IServiceProvider , Object[] )
         at Microsoft.AspNetCore.SignalR.Internal.DefaultHubActivator`1.Create()
         at Microsoft.AspNetCore.SignalR.Internal.DefaultHubDispatcher`1.OnConnectedAsync(HubConnectionContext connection)
         at Microsoft.AspNetCore.SignalR.Internal.DefaultHubDispatcher`1.OnConnectedAsync(HubConnectionContext connection)
         at Microsoft.AspNetCore.SignalR.HubConnectionHandler`1.RunHubAsync(HubConnectionContext connection)
      ++++++++++++++++++++++++++++++++++++++++++++++++++++++++
