info: 2023-01-20 10:56:10.2207670 +08:00 星期五 L System.Logging.LoggingMonitor[0] #28
      ┏━━━━━━━━━━━  Logging Monitor ━━━━━━━━━━━
      ┣ Hx.Gateway.Application.Services.System.SystemService.LoginAsync (Hx.Gateway.Application)
      ┣ 
      ┣ 控制器名称：                  SystemService
      ┣ 操作名称：                    LoginAsync
      ┣ 路由信息：                    [area]: ; [controller]: system; [action]: login
      ┣ 请求方式：                    POST
      ┣ 请求地址：                    http://localhost:5050/api/system/login
      ┣ 来源地址：                    http://localhost:3000/
      ┣ 请求端源：                    client
      ┣ 浏览器标识：                  Mozilla/5.0 (Windows NT 10.0; Win64; x64) AppleWebKit/537.36 (KHTML, like Gecko) Chrome/109.0.0.0 Safari/537.36
      ┣ 客户端 IP 地址：              0.0.0.1
      ┣ 服务端 IP 地址：              0.0.0.1
      ┣ 执行耗时：                    211ms
      ┣ ━━━━━━━━━━━━━━━  Cookies ━━━━━━━━━━━━━━━
      ┣ 请求端：                      
      ┣ 响应端：                      
      ┣ ━━━━━━━━━━━━━━━  系统信息 ━━━━━━━━━━━━━━━
      ┣ 系统名称：                    Microsoft Windows 10.0.18363
      ┣ 系统架构：                    X64
      ┣ 基础框架：                    Furion.Pure v4.8.4.16
      ┣ .NET 架构：                   .NET 6.0.11
      ┣ ━━━━━━━━━━━━━━━  启动信息 ━━━━━━━━━━━━━━━
      ┣ 运行环境：                    Development
      ┣ 启动程序集：                  Hx.Gateway.Web.Entry
      ┣ 进程名称：                    Hx.Gateway.Web.Entry
      ┣ 托管程序：                    Kestrel
      ┣ ━━━━━━━━━━━━━━━  参数列表 ━━━━━━━━━━━━━━━
      ┣ Content-Type：                application/json
      ┣ 
      ┣ request (LoginInput)：        {"account":null,"password":"admin","code":null,"openId":null,"loginSource":0}
      ┣ ━━━━━━━━━━━━━━━  返回信息 ━━━━━━━━━━━━━━━
      ┣ 原始类型：                    System.Threading.Tasks.Task_Hx.Gateway.Application.Services.System.Dtos.LoginOutput
      ┣ 最终类型：                    Hx.Core.HxUnifyResult_System.Object
      ┣ 最终返回值：                  {"code":400,"type":"error","errors":"用户名或密码错误","data":null,"extras":null,"timestamp":"1674183370168"}
      ┣ ━━━━━━━━━━━━━━━  业务异常 ━━━━━━━━━━━━━━━
      ┣ 业务码：                      
      ┣ 业务码（原）：                
      ┣ 业务消息：                    用户名或密码错误
      ┗━━━━━━━━━━━  Logging Monitor ━━━━━━━━━━━
