info: 2023-01-25 11:47:29.2695804 +08:00 星期三 L System.Logging.LoggingMonitor[0] #4
      ┏━━━━━━━━━━━  Logging Monitor ━━━━━━━━━━━
      ┣ Hx.Gateway.Application.Services.System.SystemService.LoginAsync (Hx.Gateway.Application)
      ┣ 
      ┣ 控制器名称：                  SystemService
      ┣ 操作名称：                    LoginAsync
      ┣ 路由信息：                    [area]: ; [controller]: system; [action]: login
      ┣ 请求方式：                    POST
      ┣ 请求地址：                    http://localhost:5050/api/system/login
      ┣ 来源地址：                    http://localhost:3000/
      ┣ 请求端源：                    client
      ┣ 浏览器标识：                  Mozilla/5.0 (Windows NT 10.0; Win64; x64) AppleWebKit/537.36 (KHTML, like Gecko) Chrome/109.0.0.0 Safari/537.36
      ┣ 客户端 IP 地址：              0.0.0.1
      ┣ 服务端 IP 地址：              0.0.0.1
      ┣ 执行耗时：                    371ms
      ┣ ━━━━━━━━━━━━━━━  Cookies ━━━━━━━━━━━━━━━
      ┣ 请求端：                      
      ┣ 响应端：                      
      ┣ ━━━━━━━━━━━━━━━  系统信息 ━━━━━━━━━━━━━━━
      ┣ 系统名称：                    Microsoft Windows 10.0.18363
      ┣ 系统架构：                    X64
      ┣ 基础框架：                    Furion.Pure v4.8.4.16
      ┣ .NET 架构：                   .NET 6.0.11
      ┣ ━━━━━━━━━━━━━━━  启动信息 ━━━━━━━━━━━━━━━
      ┣ 运行环境：                    Development
      ┣ 启动程序集：                  Hx.Gateway.Web.Entry
      ┣ 进程名称：                    Hx.Gateway.Web.Entry
      ┣ 托管程序：                    Kestrel
      ┣ ━━━━━━━━━━━━━━━  参数列表 ━━━━━━━━━━━━━━━
      ┣ Content-Type：                application/json
      ┣ 
      ┣ request (LoginInput)：        {"account":"admin","password":"123456","code":null,"openId":null,"loginSource":0}
      ┣ ━━━━━━━━━━━━━━━  返回信息 ━━━━━━━━━━━━━━━
      ┣ 原始类型：                    System.Threading.Tasks.Task_Hx.Gateway.Application.Services.System.Dtos.LoginOutput
      ┣ 最终类型：                    Hx.Core.HxUnifyResult_System.Object
      ┣ 最终返回值：                  {"code":200,"type":"success","errors":null,"data":{"accessToken":"eyJhbGciOiJIUzI1NiIsInR5cCI6IkpXVCJ9.eyJ1c2VySWQiOjI1Mjg4NTI2MzAwMDAwMCwiZnVsbE5hbWUiOiLns7vnu5_nrqHnkIblkZgiLCJvcGVuSWQiOm51bGwsImlhdCI6MTY3NDYxODQ0OSwibmJmIjoxNjc0NjE4NDQ5LCJleHAiOjE2NzUyMjMyNDksImlzcyI6IkFkbWluLk5FVCIsImF1ZCI6IkFkbWluLk5FVCJ9.Sod-D9G_kGXtwvPs86JpIhAlCdEfYGVrin_MXi8Xaf4","refreshToken":"eyJhbGciOiJIUzI1NiIsInR5cCI6IkpXVCJ9.eyJmIjoiZXlKaGJHY2lPaUpJVXpJMU5pSXNJblI1Y0NJNklrcFhWQ0o5IiwiZSI6IlNvZC1EOUdfa0dYdHd2UHM4Nk
      ┗━━━━━━━━━━━  Logging Monitor ━━━━━━━━━━━
info: 2023-01-25 11:47:42.5835707 +08:00 星期三 L System.Logging.LoggingMonitor[0] #30
      ┏━━━━━━━━━━━  Logging Monitor ━━━━━━━━━━━
      ┣ Hx.Gateway.Application.Services.GlobalConfiguration.GlobalConfigurationService.GetGlobalConfigurationAsync (Hx.Gateway.Application)
      ┣ 
      ┣ 控制器名称：                GlobalConfigurationService
      ┣ 操作名称：                  GetGlobalConfigurationAsync
      ┣ 路由信息：                  [area]: ; [controller]: globalConfiguration; [action]: getGlobalConfiguration
      ┣ 请求方式：                  GET
      ┣ 请求地址：                  http://localhost:5050/api/globalconfiguration/getGlobalConfiguration
      ┣ 来源地址：                  http://localhost:3000/
      ┣ 请求端源：                  client
      ┣ 浏览器标识：                Mozilla/5.0 (Windows NT 10.0; Win64; x64) AppleWebKit/537.36 (KHTML, like Gecko) Chrome/109.0.0.0 Safari/537.36
      ┣ 客户端 IP 地址：            0.0.0.1
      ┣ 服务端 IP 地址：            0.0.0.1
      ┣ 执行耗时：                  13ms
      ┣ ━━━━━━━━━━━━━━━  Cookies ━━━━━━━━━━━━━━━
      ┣ 请求端：                    
      ┣ 响应端：                    
      ┣ ━━━━━━━━━━━━━━━  系统信息 ━━━━━━━━━━━━━━━
      ┣ 系统名称：                  Microsoft Windows 10.0.18363
      ┣ 系统架构：                  X64
      ┣ 基础框架：                  Furion.Pure v4.8.4.16
      ┣ .NET 架构：                 .NET 6.0.11
      ┣ ━━━━━━━━━━━━━━━  启动信息 ━━━━━━━━━━━━━━━
      ┣ 运行环境：                  Development
      ┣ 启动程序集：                Hx.Gateway.Web.Entry
      ┣ 进程名称：                  Hx.Gateway.Web.Entry
      ┣ 托管程序：                  Kestrel
      ┣ ━━━━━━━━━━━━━━━  授权信息 ━━━━━━━━━━━━━━━
      ┣ JWT Token：                 Bearer eyJhbGciOiJIUzI1NiIsInR5cCI6IkpXVCJ9.eyJ1c2VySWQiOjI1Mjg4NTI2MzAwMDAwMCwiZnVsbE5hbWUiOiLns7vnu5_nrqHnkIblkZgiLCJvcGVuSWQiOm51bGwsImlhdCI6MTY3NDYxODQ0OSwibmJmIjoxNjc0NjE4NDQ5LCJleHAiOjE2NzUyMjMyNDksImlzcyI6IkFkbWluLk5FVCIsImF1ZCI6IkFkbWluLk5FVCJ9.Sod-D9G_kGXtwvPs86JpIhAlCdEfYGVrin_MXi8Xaf4
      ┣ 
      ┣ userId (integer64)：        252885263000000
      ┣ fullName (string)：         系统管理员
      ┣ openId (JSON_NULL)：        
      ┣ iat (integer)：             1674618449 (2023-01-25 11:47:29:0000(+08:00) 星期三 L)
      ┣ nbf (integer)：             1674618449 (2023-01-25 11:47:29:0000(+08:00) 星期三 L)
      ┣ exp (integer)：             1675223249 (2023-02-01 11:47:29:0000(+08:00) 星期三 L)
      ┣ iss (string)：              Admin.NET
      ┣ aud (string)：              Admin.NET
      ┣ ━━━━━━━━━━━━━━━  返回信息 ━━━━━━━━━━━━━━━
      ┣ 原始类型：                  System.Threading.Tasks.Task_Hx.Gateway.Application.Services.GlobalConfiguration.Dtos.GlobalConfigurationOutput
      ┣ 最终类型：                  Hx.Core.HxUnifyResult_System.Object
      ┣ 最终返回值：                {"code":200,"type":"success","errors":null,"data":{"id":"0","baseUrl":null,"requestIdKey":null,"downstreamScheme":null,"downstreamHttpVersion":null,"loadBalancerOptions":{"type":null,"key":null,"expiry":null},"httpHandlerOptions":{"allowAutoRedirect":null,"useCookieContainer":null,"useTracing":null,"useProxy":null,"maxConnectionsPerServer":null},"qoSOptions":{"enabled":null,"exceptionsAllowedBeforeBreaking":null,"durationOfBreak":null,"timeoutValue":null},"rateLimitOptions":{"clientWhitelist":nu
      ┗━━━━━━━━━━━  Logging Monitor ━━━━━━━━━━━
info: 2023-01-25 11:51:58.5323183 +08:00 星期三 L System.Logging.LoggingMonitor[0] #4
      ┏━━━━━━━━━━━  Logging Monitor ━━━━━━━━━━━
      ┣ Hx.Gateway.Application.Services.GlobalConfiguration.GlobalConfigurationService.GetGlobalConfigurationAsync (Hx.Gateway.Application)
      ┣ 
      ┣ 控制器名称：                GlobalConfigurationService
      ┣ 操作名称：                  GetGlobalConfigurationAsync
      ┣ 路由信息：                  [area]: ; [controller]: globalConfiguration; [action]: getGlobalConfiguration
      ┣ 请求方式：                  GET
      ┣ 请求地址：                  http://localhost:5050/api/globalconfiguration/getGlobalConfiguration
      ┣ 来源地址：                  http://localhost:3000/
      ┣ 请求端源：                  client
      ┣ 浏览器标识：                Mozilla/5.0 (Windows NT 10.0; Win64; x64) AppleWebKit/537.36 (KHTML, like Gecko) Chrome/109.0.0.0 Safari/537.36
      ┣ 客户端 IP 地址：            0.0.0.1
      ┣ 服务端 IP 地址：            0.0.0.1
      ┣ 执行耗时：                  4ms
      ┣ ━━━━━━━━━━━━━━━  Cookies ━━━━━━━━━━━━━━━
      ┣ 请求端：                    
      ┣ 响应端：                    
      ┣ ━━━━━━━━━━━━━━━  系统信息 ━━━━━━━━━━━━━━━
      ┣ 系统名称：                  Microsoft Windows 10.0.18363
      ┣ 系统架构：                  X64
      ┣ 基础框架：                  Furion.Pure v4.8.4.16
      ┣ .NET 架构：                 .NET 6.0.11
      ┣ ━━━━━━━━━━━━━━━  启动信息 ━━━━━━━━━━━━━━━
      ┣ 运行环境：                  Development
      ┣ 启动程序集：                Hx.Gateway.Web.Entry
      ┣ 进程名称：                  Hx.Gateway.Web.Entry
      ┣ 托管程序：                  Kestrel
      ┣ ━━━━━━━━━━━━━━━  授权信息 ━━━━━━━━━━━━━━━
      ┣ JWT Token：                 Bearer eyJhbGciOiJIUzI1NiIsInR5cCI6IkpXVCJ9.eyJ1c2VySWQiOjI1Mjg4NTI2MzAwMDAwMCwiZnVsbE5hbWUiOiLns7vnu5_nrqHnkIblkZgiLCJvcGVuSWQiOm51bGwsImlhdCI6MTY3NDYxODQ0OSwibmJmIjoxNjc0NjE4NDQ5LCJleHAiOjE2NzUyMjMyNDksImlzcyI6IkFkbWluLk5FVCIsImF1ZCI6IkFkbWluLk5FVCJ9.Sod-D9G_kGXtwvPs86JpIhAlCdEfYGVrin_MXi8Xaf4
      ┣ 
      ┣ userId (integer64)：        252885263000000
      ┣ fullName (string)：         系统管理员
      ┣ openId (JSON_NULL)：        
      ┣ iat (integer)：             1674618449 (2023-01-25 11:47:29:0000(+08:00) 星期三 L)
      ┣ nbf (integer)：             1674618449 (2023-01-25 11:47:29:0000(+08:00) 星期三 L)
      ┣ exp (integer)：             1675223249 (2023-02-01 11:47:29:0000(+08:00) 星期三 L)
      ┣ iss (string)：              Admin.NET
      ┣ aud (string)：              Admin.NET
      ┣ ━━━━━━━━━━━━━━━  返回信息 ━━━━━━━━━━━━━━━
      ┣ 原始类型：                  System.Threading.Tasks.Task_Hx.Gateway.Application.Services.GlobalConfiguration.Dtos.GlobalConfigurationOutput
      ┣ 最终类型：                  Hx.Core.HxUnifyResult_System.Object
      ┣ 最终返回值：                {"code":200,"type":"success","errors":null,"data":{"id":"0","baseUrl":null,"requestIdKey":null,"downstreamScheme":null,"downstreamHttpVersion":null,"loadBalancerOptions":{"type":null,"key":null,"expiry":null},"httpHandlerOptions":{"allowAutoRedirect":null,"useCookieContainer":null,"useTracing":null,"useProxy":null,"maxConnectionsPerServer":null},"qoSOptions":{"enabled":null,"exceptionsAllowedBeforeBreaking":null,"durationOfBreak":null,"timeoutValue":null},"rateLimitOptions":{"clientWhitelist":nu
      ┗━━━━━━━━━━━  Logging Monitor ━━━━━━━━━━━
info: 2023-01-25 11:52:43.2717873 +08:00 星期三 L System.Logging.LoggingMonitor[0] #34
      ┏━━━━━━━━━━━  Logging Monitor ━━━━━━━━━━━
      ┣ Hx.Gateway.Application.Services.GlobalConfiguration.GlobalConfigurationService.GetGlobalConfigurationAsync (Hx.Gateway.Application)
      ┣ 
      ┣ 控制器名称：                GlobalConfigurationService
      ┣ 操作名称：                  GetGlobalConfigurationAsync
      ┣ 路由信息：                  [area]: ; [controller]: globalConfiguration; [action]: getGlobalConfiguration
      ┣ 请求方式：                  GET
      ┣ 请求地址：                  http://localhost:5050/api/globalconfiguration/getGlobalConfiguration
      ┣ 来源地址：                  http://localhost:3000/
      ┣ 请求端源：                  client
      ┣ 浏览器标识：                Mozilla/5.0 (Windows NT 10.0; Win64; x64) AppleWebKit/537.36 (KHTML, like Gecko) Chrome/109.0.0.0 Safari/537.36
      ┣ 客户端 IP 地址：            0.0.0.1
      ┣ 服务端 IP 地址：            0.0.0.1
      ┣ 执行耗时：                  4ms
      ┣ ━━━━━━━━━━━━━━━  Cookies ━━━━━━━━━━━━━━━
      ┣ 请求端：                    
      ┣ 响应端：                    
      ┣ ━━━━━━━━━━━━━━━  系统信息 ━━━━━━━━━━━━━━━
      ┣ 系统名称：                  Microsoft Windows 10.0.18363
      ┣ 系统架构：                  X64
      ┣ 基础框架：                  Furion.Pure v4.8.4.16
      ┣ .NET 架构：                 .NET 6.0.11
      ┣ ━━━━━━━━━━━━━━━  启动信息 ━━━━━━━━━━━━━━━
      ┣ 运行环境：                  Development
      ┣ 启动程序集：                Hx.Gateway.Web.Entry
      ┣ 进程名称：                  Hx.Gateway.Web.Entry
      ┣ 托管程序：                  Kestrel
      ┣ ━━━━━━━━━━━━━━━  授权信息 ━━━━━━━━━━━━━━━
      ┣ JWT Token：                 Bearer eyJhbGciOiJIUzI1NiIsInR5cCI6IkpXVCJ9.eyJ1c2VySWQiOjI1Mjg4NTI2MzAwMDAwMCwiZnVsbE5hbWUiOiLns7vnu5_nrqHnkIblkZgiLCJvcGVuSWQiOm51bGwsImlhdCI6MTY3NDYxODQ0OSwibmJmIjoxNjc0NjE4NDQ5LCJleHAiOjE2NzUyMjMyNDksImlzcyI6IkFkbWluLk5FVCIsImF1ZCI6IkFkbWluLk5FVCJ9.Sod-D9G_kGXtwvPs86JpIhAlCdEfYGVrin_MXi8Xaf4
      ┣ 
      ┣ userId (integer64)：        252885263000000
      ┣ fullName (string)：         系统管理员
      ┣ openId (JSON_NULL)：        
      ┣ iat (integer)：             1674618449 (2023-01-25 11:47:29:0000(+08:00) 星期三 L)
      ┣ nbf (integer)：             1674618449 (2023-01-25 11:47:29:0000(+08:00) 星期三 L)
      ┣ exp (integer)：             1675223249 (2023-02-01 11:47:29:0000(+08:00) 星期三 L)
      ┣ iss (string)：              Admin.NET
      ┣ aud (string)：              Admin.NET
      ┣ ━━━━━━━━━━━━━━━  返回信息 ━━━━━━━━━━━━━━━
      ┣ 原始类型：                  System.Threading.Tasks.Task_Hx.Gateway.Application.Services.GlobalConfiguration.Dtos.GlobalConfigurationOutput
      ┣ 最终类型：                  Hx.Core.HxUnifyResult_System.Object
      ┣ 最终返回值：                {"code":200,"type":"success","errors":null,"data":{"id":"0","baseUrl":null,"requestIdKey":null,"downstreamScheme":null,"downstreamHttpVersion":null,"loadBalancerOptions":{"type":null,"key":null,"expiry":null},"httpHandlerOptions":{"allowAutoRedirect":null,"useCookieContainer":null,"useTracing":null,"useProxy":null,"maxConnectionsPerServer":null},"qoSOptions":{"enabled":null,"exceptionsAllowedBeforeBreaking":null,"durationOfBreak":null,"timeoutValue":null},"rateLimitOptions":{"clientWhitelist":nu
      ┗━━━━━━━━━━━  Logging Monitor ━━━━━━━━━━━
info: 2023-01-25 11:52:46.4457258 +08:00 星期三 L System.Logging.LoggingMonitor[0] #38
      ┏━━━━━━━━━━━  Logging Monitor ━━━━━━━━━━━
      ┣ Hx.Gateway.Application.Services.GlobalConfiguration.GlobalConfigurationService.GetGlobalConfigurationAsync (Hx.Gateway.Application)
      ┣ 
      ┣ 控制器名称：                GlobalConfigurationService
      ┣ 操作名称：                  GetGlobalConfigurationAsync
      ┣ 路由信息：                  [area]: ; [controller]: globalConfiguration; [action]: getGlobalConfiguration
      ┣ 请求方式：                  GET
      ┣ 请求地址：                  http://localhost:5050/api/globalconfiguration/getGlobalConfiguration
      ┣ 来源地址：                  http://localhost:3000/
      ┣ 请求端源：                  client
      ┣ 浏览器标识：                Mozilla/5.0 (Windows NT 10.0; Win64; x64) AppleWebKit/537.36 (KHTML, like Gecko) Chrome/109.0.0.0 Safari/537.36
      ┣ 客户端 IP 地址：            0.0.0.1
      ┣ 服务端 IP 地址：            0.0.0.1
      ┣ 执行耗时：                  4ms
      ┣ ━━━━━━━━━━━━━━━  Cookies ━━━━━━━━━━━━━━━
      ┣ 请求端：                    
      ┣ 响应端：                    
      ┣ ━━━━━━━━━━━━━━━  系统信息 ━━━━━━━━━━━━━━━
      ┣ 系统名称：                  Microsoft Windows 10.0.18363
      ┣ 系统架构：                  X64
      ┣ 基础框架：                  Furion.Pure v4.8.4.16
      ┣ .NET 架构：                 .NET 6.0.11
      ┣ ━━━━━━━━━━━━━━━  启动信息 ━━━━━━━━━━━━━━━
      ┣ 运行环境：                  Development
      ┣ 启动程序集：                Hx.Gateway.Web.Entry
      ┣ 进程名称：                  Hx.Gateway.Web.Entry
      ┣ 托管程序：                  Kestrel
      ┣ ━━━━━━━━━━━━━━━  授权信息 ━━━━━━━━━━━━━━━
      ┣ JWT Token：                 Bearer eyJhbGciOiJIUzI1NiIsInR5cCI6IkpXVCJ9.eyJ1c2VySWQiOjI1Mjg4NTI2MzAwMDAwMCwiZnVsbE5hbWUiOiLns7vnu5_nrqHnkIblkZgiLCJvcGVuSWQiOm51bGwsImlhdCI6MTY3NDYxODQ0OSwibmJmIjoxNjc0NjE4NDQ5LCJleHAiOjE2NzUyMjMyNDksImlzcyI6IkFkbWluLk5FVCIsImF1ZCI6IkFkbWluLk5FVCJ9.Sod-D9G_kGXtwvPs86JpIhAlCdEfYGVrin_MXi8Xaf4
      ┣ 
      ┣ userId (integer64)：        252885263000000
      ┣ fullName (string)：         系统管理员
      ┣ openId (JSON_NULL)：        
      ┣ iat (integer)：             1674618449 (2023-01-25 11:47:29:0000(+08:00) 星期三 L)
      ┣ nbf (integer)：             1674618449 (2023-01-25 11:47:29:0000(+08:00) 星期三 L)
      ┣ exp (integer)：             1675223249 (2023-02-01 11:47:29:0000(+08:00) 星期三 L)
      ┣ iss (string)：              Admin.NET
      ┣ aud (string)：              Admin.NET
      ┣ ━━━━━━━━━━━━━━━  返回信息 ━━━━━━━━━━━━━━━
      ┣ 原始类型：                  System.Threading.Tasks.Task_Hx.Gateway.Application.Services.GlobalConfiguration.Dtos.GlobalConfigurationOutput
      ┣ 最终类型：                  Hx.Core.HxUnifyResult_System.Object
      ┣ 最终返回值：                {"code":200,"type":"success","errors":null,"data":{"id":"0","baseUrl":null,"requestIdKey":null,"downstreamScheme":null,"downstreamHttpVersion":null,"loadBalancerOptions":{"type":null,"key":null,"expiry":null},"httpHandlerOptions":{"allowAutoRedirect":null,"useCookieContainer":null,"useTracing":null,"useProxy":null,"maxConnectionsPerServer":null},"qoSOptions":{"enabled":null,"exceptionsAllowedBeforeBreaking":null,"durationOfBreak":null,"timeoutValue":null},"rateLimitOptions":{"clientWhitelist":nu
      ┗━━━━━━━━━━━  Logging Monitor ━━━━━━━━━━━
info: 2023-01-25 11:53:42.5377353 +08:00 星期三 L System.Logging.LoggingMonitor[0] #19
      ┏━━━━━━━━━━━  Logging Monitor ━━━━━━━━━━━
      ┣ Hx.Gateway.Application.Services.GlobalConfiguration.GlobalConfigurationService.GetGlobalConfigurationAsync (Hx.Gateway.Application)
      ┣ 
      ┣ 控制器名称：                GlobalConfigurationService
      ┣ 操作名称：                  GetGlobalConfigurationAsync
      ┣ 路由信息：                  [area]: ; [controller]: globalConfiguration; [action]: getGlobalConfiguration
      ┣ 请求方式：                  GET
      ┣ 请求地址：                  http://localhost:5050/api/globalconfiguration/getGlobalConfiguration
      ┣ 来源地址：                  http://localhost:3000/
      ┣ 请求端源：                  client
      ┣ 浏览器标识：                Mozilla/5.0 (Windows NT 10.0; Win64; x64) AppleWebKit/537.36 (KHTML, like Gecko) Chrome/109.0.0.0 Safari/537.36
      ┣ 客户端 IP 地址：            0.0.0.1
      ┣ 服务端 IP 地址：            0.0.0.1
      ┣ 执行耗时：                  5ms
      ┣ ━━━━━━━━━━━━━━━  Cookies ━━━━━━━━━━━━━━━
      ┣ 请求端：                    
      ┣ 响应端：                    
      ┣ ━━━━━━━━━━━━━━━  系统信息 ━━━━━━━━━━━━━━━
      ┣ 系统名称：                  Microsoft Windows 10.0.18363
      ┣ 系统架构：                  X64
      ┣ 基础框架：                  Furion.Pure v4.8.4.16
      ┣ .NET 架构：                 .NET 6.0.11
      ┣ ━━━━━━━━━━━━━━━  启动信息 ━━━━━━━━━━━━━━━
      ┣ 运行环境：                  Development
      ┣ 启动程序集：                Hx.Gateway.Web.Entry
      ┣ 进程名称：                  Hx.Gateway.Web.Entry
      ┣ 托管程序：                  Kestrel
      ┣ ━━━━━━━━━━━━━━━  授权信息 ━━━━━━━━━━━━━━━
      ┣ JWT Token：                 Bearer eyJhbGciOiJIUzI1NiIsInR5cCI6IkpXVCJ9.eyJ1c2VySWQiOjI1Mjg4NTI2MzAwMDAwMCwiZnVsbE5hbWUiOiLns7vnu5_nrqHnkIblkZgiLCJvcGVuSWQiOm51bGwsImlhdCI6MTY3NDYxODQ0OSwibmJmIjoxNjc0NjE4NDQ5LCJleHAiOjE2NzUyMjMyNDksImlzcyI6IkFkbWluLk5FVCIsImF1ZCI6IkFkbWluLk5FVCJ9.Sod-D9G_kGXtwvPs86JpIhAlCdEfYGVrin_MXi8Xaf4
      ┣ 
      ┣ userId (integer64)：        252885263000000
      ┣ fullName (string)：         系统管理员
      ┣ openId (JSON_NULL)：        
      ┣ iat (integer)：             1674618449 (2023-01-25 11:47:29:0000(+08:00) 星期三 L)
      ┣ nbf (integer)：             1674618449 (2023-01-25 11:47:29:0000(+08:00) 星期三 L)
      ┣ exp (integer)：             1675223249 (2023-02-01 11:47:29:0000(+08:00) 星期三 L)
      ┣ iss (string)：              Admin.NET
      ┣ aud (string)：              Admin.NET
      ┣ ━━━━━━━━━━━━━━━  返回信息 ━━━━━━━━━━━━━━━
      ┣ 原始类型：                  System.Threading.Tasks.Task_Hx.Gateway.Application.Services.GlobalConfiguration.Dtos.GlobalConfigurationOutput
      ┣ 最终类型：                  Hx.Core.HxUnifyResult_System.Object
      ┣ 最终返回值：                {"code":200,"type":"success","errors":null,"data":{"id":"0","baseUrl":null,"requestIdKey":null,"downstreamScheme":null,"downstreamHttpVersion":null,"loadBalancerOptions":{"type":null,"key":null,"expiry":null},"httpHandlerOptions":{"allowAutoRedirect":null,"useCookieContainer":null,"useTracing":null,"useProxy":null,"maxConnectionsPerServer":null},"qoSOptions":{"enabled":null,"exceptionsAllowedBeforeBreaking":null,"durationOfBreak":null,"timeoutValue":null},"rateLimitOptions":{"clientWhitelist":nu
      ┗━━━━━━━━━━━  Logging Monitor ━━━━━━━━━━━
info: 2023-01-25 11:54:07.5289324 +08:00 星期三 L System.Logging.LoggingMonitor[0] #41
      ┏━━━━━━━━━━━  Logging Monitor ━━━━━━━━━━━
      ┣ Hx.Gateway.Application.Services.GlobalConfiguration.GlobalConfigurationService.GetGlobalConfigurationAsync (Hx.Gateway.Application)
      ┣ 
      ┣ 控制器名称：                GlobalConfigurationService
      ┣ 操作名称：                  GetGlobalConfigurationAsync
      ┣ 路由信息：                  [area]: ; [controller]: globalConfiguration; [action]: getGlobalConfiguration
      ┣ 请求方式：                  GET
      ┣ 请求地址：                  http://localhost:5050/api/globalconfiguration/getGlobalConfiguration
      ┣ 来源地址：                  http://localhost:3000/
      ┣ 请求端源：                  client
      ┣ 浏览器标识：                Mozilla/5.0 (Windows NT 10.0; Win64; x64) AppleWebKit/537.36 (KHTML, like Gecko) Chrome/109.0.0.0 Safari/537.36
      ┣ 客户端 IP 地址：            0.0.0.1
      ┣ 服务端 IP 地址：            0.0.0.1
      ┣ 执行耗时：                  3ms
      ┣ ━━━━━━━━━━━━━━━  Cookies ━━━━━━━━━━━━━━━
      ┣ 请求端：                    
      ┣ 响应端：                    
      ┣ ━━━━━━━━━━━━━━━  系统信息 ━━━━━━━━━━━━━━━
      ┣ 系统名称：                  Microsoft Windows 10.0.18363
      ┣ 系统架构：                  X64
      ┣ 基础框架：                  Furion.Pure v4.8.4.16
      ┣ .NET 架构：                 .NET 6.0.11
      ┣ ━━━━━━━━━━━━━━━  启动信息 ━━━━━━━━━━━━━━━
      ┣ 运行环境：                  Development
      ┣ 启动程序集：                Hx.Gateway.Web.Entry
      ┣ 进程名称：                  Hx.Gateway.Web.Entry
      ┣ 托管程序：                  Kestrel
      ┣ ━━━━━━━━━━━━━━━  授权信息 ━━━━━━━━━━━━━━━
      ┣ JWT Token：                 Bearer eyJhbGciOiJIUzI1NiIsInR5cCI6IkpXVCJ9.eyJ1c2VySWQiOjI1Mjg4NTI2MzAwMDAwMCwiZnVsbE5hbWUiOiLns7vnu5_nrqHnkIblkZgiLCJvcGVuSWQiOm51bGwsImlhdCI6MTY3NDYxODQ0OSwibmJmIjoxNjc0NjE4NDQ5LCJleHAiOjE2NzUyMjMyNDksImlzcyI6IkFkbWluLk5FVCIsImF1ZCI6IkFkbWluLk5FVCJ9.Sod-D9G_kGXtwvPs86JpIhAlCdEfYGVrin_MXi8Xaf4
      ┣ 
      ┣ userId (integer64)：        252885263000000
      ┣ fullName (string)：         系统管理员
      ┣ openId (JSON_NULL)：        
      ┣ iat (integer)：             1674618449 (2023-01-25 11:47:29:0000(+08:00) 星期三 L)
      ┣ nbf (integer)：             1674618449 (2023-01-25 11:47:29:0000(+08:00) 星期三 L)
      ┣ exp (integer)：             1675223249 (2023-02-01 11:47:29:0000(+08:00) 星期三 L)
      ┣ iss (string)：              Admin.NET
      ┣ aud (string)：              Admin.NET
      ┣ ━━━━━━━━━━━━━━━  返回信息 ━━━━━━━━━━━━━━━
      ┣ 原始类型：                  System.Threading.Tasks.Task_Hx.Gateway.Application.Services.GlobalConfiguration.Dtos.GlobalConfigurationOutput
      ┣ 最终类型：                  Hx.Core.HxUnifyResult_System.Object
      ┣ 最终返回值：                {"code":200,"type":"success","errors":null,"data":{"id":"0","baseUrl":null,"requestIdKey":null,"downstreamScheme":null,"downstreamHttpVersion":null,"loadBalancerOptions":{"type":null,"key":null,"expiry":null},"httpHandlerOptions":{"allowAutoRedirect":null,"useCookieContainer":null,"useTracing":null,"useProxy":null,"maxConnectionsPerServer":null},"qoSOptions":{"enabled":null,"exceptionsAllowedBeforeBreaking":null,"durationOfBreak":null,"timeoutValue":null},"rateLimitOptions":{"clientWhitelist":nu
      ┗━━━━━━━━━━━  Logging Monitor ━━━━━━━━━━━
info: 2023-01-25 11:54:10.3113680 +08:00 星期三 L System.Logging.LoggingMonitor[0] #41
      ┏━━━━━━━━━━━  Logging Monitor ━━━━━━━━━━━
      ┣ Hx.Gateway.Application.Services.GlobalConfiguration.GlobalConfigurationService.GetGlobalConfigurationAsync (Hx.Gateway.Application)
      ┣ 
      ┣ 控制器名称：                GlobalConfigurationService
      ┣ 操作名称：                  GetGlobalConfigurationAsync
      ┣ 路由信息：                  [area]: ; [controller]: globalConfiguration; [action]: getGlobalConfiguration
      ┣ 请求方式：                  GET
      ┣ 请求地址：                  http://localhost:5050/api/globalconfiguration/getGlobalConfiguration
      ┣ 来源地址：                  http://localhost:3000/
      ┣ 请求端源：                  client
      ┣ 浏览器标识：                Mozilla/5.0 (Windows NT 10.0; Win64; x64) AppleWebKit/537.36 (KHTML, like Gecko) Chrome/109.0.0.0 Safari/537.36
      ┣ 客户端 IP 地址：            0.0.0.1
      ┣ 服务端 IP 地址：            0.0.0.1
      ┣ 执行耗时：                  6ms
      ┣ ━━━━━━━━━━━━━━━  Cookies ━━━━━━━━━━━━━━━
      ┣ 请求端：                    
      ┣ 响应端：                    
      ┣ ━━━━━━━━━━━━━━━  系统信息 ━━━━━━━━━━━━━━━
      ┣ 系统名称：                  Microsoft Windows 10.0.18363
      ┣ 系统架构：                  X64
      ┣ 基础框架：                  Furion.Pure v4.8.4.16
      ┣ .NET 架构：                 .NET 6.0.11
      ┣ ━━━━━━━━━━━━━━━  启动信息 ━━━━━━━━━━━━━━━
      ┣ 运行环境：                  Development
      ┣ 启动程序集：                Hx.Gateway.Web.Entry
      ┣ 进程名称：                  Hx.Gateway.Web.Entry
      ┣ 托管程序：                  Kestrel
      ┣ ━━━━━━━━━━━━━━━  授权信息 ━━━━━━━━━━━━━━━
      ┣ JWT Token：                 Bearer eyJhbGciOiJIUzI1NiIsInR5cCI6IkpXVCJ9.eyJ1c2VySWQiOjI1Mjg4NTI2MzAwMDAwMCwiZnVsbE5hbWUiOiLns7vnu5_nrqHnkIblkZgiLCJvcGVuSWQiOm51bGwsImlhdCI6MTY3NDYxODQ0OSwibmJmIjoxNjc0NjE4NDQ5LCJleHAiOjE2NzUyMjMyNDksImlzcyI6IkFkbWluLk5FVCIsImF1ZCI6IkFkbWluLk5FVCJ9.Sod-D9G_kGXtwvPs86JpIhAlCdEfYGVrin_MXi8Xaf4
      ┣ 
      ┣ userId (integer64)：        252885263000000
      ┣ fullName (string)：         系统管理员
      ┣ openId (JSON_NULL)：        
      ┣ iat (integer)：             1674618449 (2023-01-25 11:47:29:0000(+08:00) 星期三 L)
      ┣ nbf (integer)：             1674618449 (2023-01-25 11:47:29:0000(+08:00) 星期三 L)
      ┣ exp (integer)：             1675223249 (2023-02-01 11:47:29:0000(+08:00) 星期三 L)
      ┣ iss (string)：              Admin.NET
      ┣ aud (string)：              Admin.NET
      ┣ ━━━━━━━━━━━━━━━  返回信息 ━━━━━━━━━━━━━━━
      ┣ 原始类型：                  System.Threading.Tasks.Task_Hx.Gateway.Application.Services.GlobalConfiguration.Dtos.GlobalConfigurationOutput
      ┣ 最终类型：                  Hx.Core.HxUnifyResult_System.Object
      ┣ 最终返回值：                {"code":200,"type":"success","errors":null,"data":{"id":"0","baseUrl":null,"requestIdKey":null,"downstreamScheme":null,"downstreamHttpVersion":null,"loadBalancerOptions":{"type":null,"key":null,"expiry":null},"httpHandlerOptions":{"allowAutoRedirect":null,"useCookieContainer":null,"useTracing":null,"useProxy":null,"maxConnectionsPerServer":null},"qoSOptions":{"enabled":null,"exceptionsAllowedBeforeBreaking":null,"durationOfBreak":null,"timeoutValue":null},"rateLimitOptions":{"clientWhitelist":nu
      ┗━━━━━━━━━━━  Logging Monitor ━━━━━━━━━━━
info: 2023-01-25 11:54:28.3382545 +08:00 星期三 L System.Logging.LoggingMonitor[0] #43
      ┏━━━━━━━━━━━  Logging Monitor ━━━━━━━━━━━
      ┣ Hx.Gateway.Application.Services.GlobalConfiguration.GlobalConfigurationService.GetGlobalConfigurationAsync (Hx.Gateway.Application)
      ┣ 
      ┣ 控制器名称：                GlobalConfigurationService
      ┣ 操作名称：                  GetGlobalConfigurationAsync
      ┣ 路由信息：                  [area]: ; [controller]: globalConfiguration; [action]: getGlobalConfiguration
      ┣ 请求方式：                  GET
      ┣ 请求地址：                  http://localhost:5050/api/globalconfiguration/getGlobalConfiguration
      ┣ 来源地址：                  http://localhost:3000/
      ┣ 请求端源：                  client
      ┣ 浏览器标识：                Mozilla/5.0 (Windows NT 10.0; Win64; x64) AppleWebKit/537.36 (KHTML, like Gecko) Chrome/109.0.0.0 Safari/537.36
      ┣ 客户端 IP 地址：            0.0.0.1
      ┣ 服务端 IP 地址：            0.0.0.1
      ┣ 执行耗时：                  4ms
      ┣ ━━━━━━━━━━━━━━━  Cookies ━━━━━━━━━━━━━━━
      ┣ 请求端：                    
      ┣ 响应端：                    
      ┣ ━━━━━━━━━━━━━━━  系统信息 ━━━━━━━━━━━━━━━
      ┣ 系统名称：                  Microsoft Windows 10.0.18363
      ┣ 系统架构：                  X64
      ┣ 基础框架：                  Furion.Pure v4.8.4.16
      ┣ .NET 架构：                 .NET 6.0.11
      ┣ ━━━━━━━━━━━━━━━  启动信息 ━━━━━━━━━━━━━━━
      ┣ 运行环境：                  Development
      ┣ 启动程序集：                Hx.Gateway.Web.Entry
      ┣ 进程名称：                  Hx.Gateway.Web.Entry
      ┣ 托管程序：                  Kestrel
      ┣ ━━━━━━━━━━━━━━━  授权信息 ━━━━━━━━━━━━━━━
      ┣ JWT Token：                 Bearer eyJhbGciOiJIUzI1NiIsInR5cCI6IkpXVCJ9.eyJ1c2VySWQiOjI1Mjg4NTI2MzAwMDAwMCwiZnVsbE5hbWUiOiLns7vnu5_nrqHnkIblkZgiLCJvcGVuSWQiOm51bGwsImlhdCI6MTY3NDYxODQ0OSwibmJmIjoxNjc0NjE4NDQ5LCJleHAiOjE2NzUyMjMyNDksImlzcyI6IkFkbWluLk5FVCIsImF1ZCI6IkFkbWluLk5FVCJ9.Sod-D9G_kGXtwvPs86JpIhAlCdEfYGVrin_MXi8Xaf4
      ┣ 
      ┣ userId (integer64)：        252885263000000
      ┣ fullName (string)：         系统管理员
      ┣ openId (JSON_NULL)：        
      ┣ iat (integer)：             1674618449 (2023-01-25 11:47:29:0000(+08:00) 星期三 L)
      ┣ nbf (integer)：             1674618449 (2023-01-25 11:47:29:0000(+08:00) 星期三 L)
      ┣ exp (integer)：             1675223249 (2023-02-01 11:47:29:0000(+08:00) 星期三 L)
      ┣ iss (string)：              Admin.NET
      ┣ aud (string)：              Admin.NET
      ┣ ━━━━━━━━━━━━━━━  返回信息 ━━━━━━━━━━━━━━━
      ┣ 原始类型：                  System.Threading.Tasks.Task_Hx.Gateway.Application.Services.GlobalConfiguration.Dtos.GlobalConfigurationOutput
      ┣ 最终类型：                  Hx.Core.HxUnifyResult_System.Object
      ┣ 最终返回值：                {"code":200,"type":"success","errors":null,"data":{"id":"0","baseUrl":null,"requestIdKey":null,"downstreamScheme":null,"downstreamHttpVersion":null,"loadBalancerOptions":{"type":null,"key":null,"expiry":null},"httpHandlerOptions":{"allowAutoRedirect":null,"useCookieContainer":null,"useTracing":null,"useProxy":null,"maxConnectionsPerServer":null},"qoSOptions":{"enabled":null,"exceptionsAllowedBeforeBreaking":null,"durationOfBreak":null,"timeoutValue":null},"rateLimitOptions":{"clientWhitelist":nu
      ┗━━━━━━━━━━━  Logging Monitor ━━━━━━━━━━━
info: 2023-01-25 11:54:42.0837043 +08:00 星期三 L System.Logging.LoggingMonitor[0] #43
      ┏━━━━━━━━━━━  Logging Monitor ━━━━━━━━━━━
      ┣ Hx.Gateway.Application.Services.GlobalConfiguration.GlobalConfigurationService.GetGlobalConfigurationAsync (Hx.Gateway.Application)
      ┣ 
      ┣ 控制器名称：                GlobalConfigurationService
      ┣ 操作名称：                  GetGlobalConfigurationAsync
      ┣ 路由信息：                  [area]: ; [controller]: globalConfiguration; [action]: getGlobalConfiguration
      ┣ 请求方式：                  GET
      ┣ 请求地址：                  http://localhost:5050/api/globalconfiguration/getGlobalConfiguration
      ┣ 来源地址：                  http://localhost:3000/
      ┣ 请求端源：                  client
      ┣ 浏览器标识：                Mozilla/5.0 (Windows NT 10.0; Win64; x64) AppleWebKit/537.36 (KHTML, like Gecko) Chrome/109.0.0.0 Safari/537.36
      ┣ 客户端 IP 地址：            0.0.0.1
      ┣ 服务端 IP 地址：            0.0.0.1
      ┣ 执行耗时：                  4ms
      ┣ ━━━━━━━━━━━━━━━  Cookies ━━━━━━━━━━━━━━━
      ┣ 请求端：                    
      ┣ 响应端：                    
      ┣ ━━━━━━━━━━━━━━━  系统信息 ━━━━━━━━━━━━━━━
      ┣ 系统名称：                  Microsoft Windows 10.0.18363
      ┣ 系统架构：                  X64
      ┣ 基础框架：                  Furion.Pure v4.8.4.16
      ┣ .NET 架构：                 .NET 6.0.11
      ┣ ━━━━━━━━━━━━━━━  启动信息 ━━━━━━━━━━━━━━━
      ┣ 运行环境：                  Development
      ┣ 启动程序集：                Hx.Gateway.Web.Entry
      ┣ 进程名称：                  Hx.Gateway.Web.Entry
      ┣ 托管程序：                  Kestrel
      ┣ ━━━━━━━━━━━━━━━  授权信息 ━━━━━━━━━━━━━━━
      ┣ JWT Token：                 Bearer eyJhbGciOiJIUzI1NiIsInR5cCI6IkpXVCJ9.eyJ1c2VySWQiOjI1Mjg4NTI2MzAwMDAwMCwiZnVsbE5hbWUiOiLns7vnu5_nrqHnkIblkZgiLCJvcGVuSWQiOm51bGwsImlhdCI6MTY3NDYxODQ0OSwibmJmIjoxNjc0NjE4NDQ5LCJleHAiOjE2NzUyMjMyNDksImlzcyI6IkFkbWluLk5FVCIsImF1ZCI6IkFkbWluLk5FVCJ9.Sod-D9G_kGXtwvPs86JpIhAlCdEfYGVrin_MXi8Xaf4
      ┣ 
      ┣ userId (integer64)：        252885263000000
      ┣ fullName (string)：         系统管理员
      ┣ openId (JSON_NULL)：        
      ┣ iat (integer)：             1674618449 (2023-01-25 11:47:29:0000(+08:00) 星期三 L)
      ┣ nbf (integer)：             1674618449 (2023-01-25 11:47:29:0000(+08:00) 星期三 L)
      ┣ exp (integer)：             1675223249 (2023-02-01 11:47:29:0000(+08:00) 星期三 L)
      ┣ iss (string)：              Admin.NET
      ┣ aud (string)：              Admin.NET
      ┣ ━━━━━━━━━━━━━━━  返回信息 ━━━━━━━━━━━━━━━
      ┣ 原始类型：                  System.Threading.Tasks.Task_Hx.Gateway.Application.Services.GlobalConfiguration.Dtos.GlobalConfigurationOutput
      ┣ 最终类型：                  Hx.Core.HxUnifyResult_System.Object
      ┣ 最终返回值：                {"code":200,"type":"success","errors":null,"data":{"id":"0","baseUrl":null,"requestIdKey":null,"downstreamScheme":null,"downstreamHttpVersion":null,"loadBalancerOptions":{"type":null,"key":null,"expiry":null},"httpHandlerOptions":{"allowAutoRedirect":null,"useCookieContainer":null,"useTracing":null,"useProxy":null,"maxConnectionsPerServer":null},"qoSOptions":{"enabled":null,"exceptionsAllowedBeforeBreaking":null,"durationOfBreak":null,"timeoutValue":null},"rateLimitOptions":{"clientWhitelist":nu
      ┗━━━━━━━━━━━  Logging Monitor ━━━━━━━━━━━
info: 2023-01-25 11:55:47.8163171 +08:00 星期三 L System.Logging.LoggingMonitor[0] #19
      ┏━━━━━━━━━━━  Logging Monitor ━━━━━━━━━━━
      ┣ Hx.Gateway.Application.Services.GlobalConfiguration.GlobalConfigurationService.GetGlobalConfigurationAsync (Hx.Gateway.Application)
      ┣ 
      ┣ 控制器名称：                GlobalConfigurationService
      ┣ 操作名称：                  GetGlobalConfigurationAsync
      ┣ 路由信息：                  [area]: ; [controller]: globalConfiguration; [action]: getGlobalConfiguration
      ┣ 请求方式：                  GET
      ┣ 请求地址：                  http://localhost:5050/api/globalconfiguration/getGlobalConfiguration
      ┣ 来源地址：                  http://localhost:3000/
      ┣ 请求端源：                  client
      ┣ 浏览器标识：                Mozilla/5.0 (Windows NT 10.0; Win64; x64) AppleWebKit/537.36 (KHTML, like Gecko) Chrome/109.0.0.0 Safari/537.36
      ┣ 客户端 IP 地址：            0.0.0.1
      ┣ 服务端 IP 地址：            0.0.0.1
      ┣ 执行耗时：                  4ms
      ┣ ━━━━━━━━━━━━━━━  Cookies ━━━━━━━━━━━━━━━
      ┣ 请求端：                    
      ┣ 响应端：                    
      ┣ ━━━━━━━━━━━━━━━  系统信息 ━━━━━━━━━━━━━━━
      ┣ 系统名称：                  Microsoft Windows 10.0.18363
      ┣ 系统架构：                  X64
      ┣ 基础框架：                  Furion.Pure v4.8.4.16
      ┣ .NET 架构：                 .NET 6.0.11
      ┣ ━━━━━━━━━━━━━━━  启动信息 ━━━━━━━━━━━━━━━
      ┣ 运行环境：                  Development
      ┣ 启动程序集：                Hx.Gateway.Web.Entry
      ┣ 进程名称：                  Hx.Gateway.Web.Entry
      ┣ 托管程序：                  Kestrel
      ┣ ━━━━━━━━━━━━━━━  授权信息 ━━━━━━━━━━━━━━━
      ┣ JWT Token：                 Bearer eyJhbGciOiJIUzI1NiIsInR5cCI6IkpXVCJ9.eyJ1c2VySWQiOjI1Mjg4NTI2MzAwMDAwMCwiZnVsbE5hbWUiOiLns7vnu5_nrqHnkIblkZgiLCJvcGVuSWQiOm51bGwsImlhdCI6MTY3NDYxODQ0OSwibmJmIjoxNjc0NjE4NDQ5LCJleHAiOjE2NzUyMjMyNDksImlzcyI6IkFkbWluLk5FVCIsImF1ZCI6IkFkbWluLk5FVCJ9.Sod-D9G_kGXtwvPs86JpIhAlCdEfYGVrin_MXi8Xaf4
      ┣ 
      ┣ userId (integer64)：        252885263000000
      ┣ fullName (string)：         系统管理员
      ┣ openId (JSON_NULL)：        
      ┣ iat (integer)：             1674618449 (2023-01-25 11:47:29:0000(+08:00) 星期三 L)
      ┣ nbf (integer)：             1674618449 (2023-01-25 11:47:29:0000(+08:00) 星期三 L)
      ┣ exp (integer)：             1675223249 (2023-02-01 11:47:29:0000(+08:00) 星期三 L)
      ┣ iss (string)：              Admin.NET
      ┣ aud (string)：              Admin.NET
      ┣ ━━━━━━━━━━━━━━━  返回信息 ━━━━━━━━━━━━━━━
      ┣ 原始类型：                  System.Threading.Tasks.Task_Hx.Gateway.Application.Services.GlobalConfiguration.Dtos.GlobalConfigurationOutput
      ┣ 最终类型：                  Hx.Core.HxUnifyResult_System.Object
      ┣ 最终返回值：                {"code":200,"type":"success","errors":null,"data":{"id":"0","baseUrl":null,"requestIdKey":null,"downstreamScheme":null,"downstreamHttpVersion":null,"loadBalancerOptions":{"type":null,"key":null,"expiry":null},"httpHandlerOptions":{"allowAutoRedirect":null,"useCookieContainer":null,"useTracing":null,"useProxy":null,"maxConnectionsPerServer":null},"qoSOptions":{"enabled":null,"exceptionsAllowedBeforeBreaking":null,"durationOfBreak":null,"timeoutValue":null},"rateLimitOptions":{"clientWhitelist":nu
      ┗━━━━━━━━━━━  Logging Monitor ━━━━━━━━━━━
info: 2023-01-25 11:56:01.3016364 +08:00 星期三 L System.Logging.LoggingMonitor[0] #19
      ┏━━━━━━━━━━━  Logging Monitor ━━━━━━━━━━━
      ┣ Hx.Gateway.Application.Services.GlobalConfiguration.GlobalConfigurationService.GetGlobalConfigurationAsync (Hx.Gateway.Application)
      ┣ 
      ┣ 控制器名称：                GlobalConfigurationService
      ┣ 操作名称：                  GetGlobalConfigurationAsync
      ┣ 路由信息：                  [area]: ; [controller]: globalConfiguration; [action]: getGlobalConfiguration
      ┣ 请求方式：                  GET
      ┣ 请求地址：                  http://localhost:5050/api/globalconfiguration/getGlobalConfiguration
      ┣ 来源地址：                  http://localhost:3000/
      ┣ 请求端源：                  client
      ┣ 浏览器标识：                Mozilla/5.0 (Windows NT 10.0; Win64; x64) AppleWebKit/537.36 (KHTML, like Gecko) Chrome/109.0.0.0 Safari/537.36
      ┣ 客户端 IP 地址：            0.0.0.1
      ┣ 服务端 IP 地址：            0.0.0.1
      ┣ 执行耗时：                  3ms
      ┣ ━━━━━━━━━━━━━━━  Cookies ━━━━━━━━━━━━━━━
      ┣ 请求端：                    
      ┣ 响应端：                    
      ┣ ━━━━━━━━━━━━━━━  系统信息 ━━━━━━━━━━━━━━━
      ┣ 系统名称：                  Microsoft Windows 10.0.18363
      ┣ 系统架构：                  X64
      ┣ 基础框架：                  Furion.Pure v4.8.4.16
      ┣ .NET 架构：                 .NET 6.0.11
      ┣ ━━━━━━━━━━━━━━━  启动信息 ━━━━━━━━━━━━━━━
      ┣ 运行环境：                  Development
      ┣ 启动程序集：                Hx.Gateway.Web.Entry
      ┣ 进程名称：                  Hx.Gateway.Web.Entry
      ┣ 托管程序：                  Kestrel
      ┣ ━━━━━━━━━━━━━━━  授权信息 ━━━━━━━━━━━━━━━
      ┣ JWT Token：                 Bearer eyJhbGciOiJIUzI1NiIsInR5cCI6IkpXVCJ9.eyJ1c2VySWQiOjI1Mjg4NTI2MzAwMDAwMCwiZnVsbE5hbWUiOiLns7vnu5_nrqHnkIblkZgiLCJvcGVuSWQiOm51bGwsImlhdCI6MTY3NDYxODQ0OSwibmJmIjoxNjc0NjE4NDQ5LCJleHAiOjE2NzUyMjMyNDksImlzcyI6IkFkbWluLk5FVCIsImF1ZCI6IkFkbWluLk5FVCJ9.Sod-D9G_kGXtwvPs86JpIhAlCdEfYGVrin_MXi8Xaf4
      ┣ 
      ┣ userId (integer64)：        252885263000000
      ┣ fullName (string)：         系统管理员
      ┣ openId (JSON_NULL)：        
      ┣ iat (integer)：             1674618449 (2023-01-25 11:47:29:0000(+08:00) 星期三 L)
      ┣ nbf (integer)：             1674618449 (2023-01-25 11:47:29:0000(+08:00) 星期三 L)
      ┣ exp (integer)：             1675223249 (2023-02-01 11:47:29:0000(+08:00) 星期三 L)
      ┣ iss (string)：              Admin.NET
      ┣ aud (string)：              Admin.NET
      ┣ ━━━━━━━━━━━━━━━  返回信息 ━━━━━━━━━━━━━━━
      ┣ 原始类型：                  System.Threading.Tasks.Task_Hx.Gateway.Application.Services.GlobalConfiguration.Dtos.GlobalConfigurationOutput
      ┣ 最终类型：                  Hx.Core.HxUnifyResult_System.Object
      ┣ 最终返回值：                {"code":200,"type":"success","errors":null,"data":{"id":"0","baseUrl":null,"requestIdKey":null,"downstreamScheme":null,"downstreamHttpVersion":null,"loadBalancerOptions":{"type":null,"key":null,"expiry":null},"httpHandlerOptions":{"allowAutoRedirect":null,"useCookieContainer":null,"useTracing":null,"useProxy":null,"maxConnectionsPerServer":null},"qoSOptions":{"enabled":null,"exceptionsAllowedBeforeBreaking":null,"durationOfBreak":null,"timeoutValue":null},"rateLimitOptions":{"clientWhitelist":nu
      ┗━━━━━━━━━━━  Logging Monitor ━━━━━━━━━━━
info: 2023-01-25 11:56:42.1841911 +08:00 星期三 L System.Logging.LoggingMonitor[0] #21
      ┏━━━━━━━━━━━  Logging Monitor ━━━━━━━━━━━
      ┣ Hx.Gateway.Application.Services.GlobalConfiguration.GlobalConfigurationService.GetGlobalConfigurationAsync (Hx.Gateway.Application)
      ┣ 
      ┣ 控制器名称：                GlobalConfigurationService
      ┣ 操作名称：                  GetGlobalConfigurationAsync
      ┣ 路由信息：                  [area]: ; [controller]: globalConfiguration; [action]: getGlobalConfiguration
      ┣ 请求方式：                  GET
      ┣ 请求地址：                  http://localhost:5050/api/globalconfiguration/getGlobalConfiguration
      ┣ 来源地址：                  http://localhost:3000/
      ┣ 请求端源：                  client
      ┣ 浏览器标识：                Mozilla/5.0 (Windows NT 10.0; Win64; x64) AppleWebKit/537.36 (KHTML, like Gecko) Chrome/109.0.0.0 Safari/537.36
      ┣ 客户端 IP 地址：            0.0.0.1
      ┣ 服务端 IP 地址：            0.0.0.1
      ┣ 执行耗时：                  4ms
      ┣ ━━━━━━━━━━━━━━━  Cookies ━━━━━━━━━━━━━━━
      ┣ 请求端：                    
      ┣ 响应端：                    
      ┣ ━━━━━━━━━━━━━━━  系统信息 ━━━━━━━━━━━━━━━
      ┣ 系统名称：                  Microsoft Windows 10.0.18363
      ┣ 系统架构：                  X64
      ┣ 基础框架：                  Furion.Pure v4.8.4.16
      ┣ .NET 架构：                 .NET 6.0.11
      ┣ ━━━━━━━━━━━━━━━  启动信息 ━━━━━━━━━━━━━━━
      ┣ 运行环境：                  Development
      ┣ 启动程序集：                Hx.Gateway.Web.Entry
      ┣ 进程名称：                  Hx.Gateway.Web.Entry
      ┣ 托管程序：                  Kestrel
      ┣ ━━━━━━━━━━━━━━━  授权信息 ━━━━━━━━━━━━━━━
      ┣ JWT Token：                 Bearer eyJhbGciOiJIUzI1NiIsInR5cCI6IkpXVCJ9.eyJ1c2VySWQiOjI1Mjg4NTI2MzAwMDAwMCwiZnVsbE5hbWUiOiLns7vnu5_nrqHnkIblkZgiLCJvcGVuSWQiOm51bGwsImlhdCI6MTY3NDYxODQ0OSwibmJmIjoxNjc0NjE4NDQ5LCJleHAiOjE2NzUyMjMyNDksImlzcyI6IkFkbWluLk5FVCIsImF1ZCI6IkFkbWluLk5FVCJ9.Sod-D9G_kGXtwvPs86JpIhAlCdEfYGVrin_MXi8Xaf4
      ┣ 
      ┣ userId (integer64)：        252885263000000
      ┣ fullName (string)：         系统管理员
      ┣ openId (JSON_NULL)：        
      ┣ iat (integer)：             1674618449 (2023-01-25 11:47:29:0000(+08:00) 星期三 L)
      ┣ nbf (integer)：             1674618449 (2023-01-25 11:47:29:0000(+08:00) 星期三 L)
      ┣ exp (integer)：             1675223249 (2023-02-01 11:47:29:0000(+08:00) 星期三 L)
      ┣ iss (string)：              Admin.NET
      ┣ aud (string)：              Admin.NET
      ┣ ━━━━━━━━━━━━━━━  返回信息 ━━━━━━━━━━━━━━━
      ┣ 原始类型：                  System.Threading.Tasks.Task_Hx.Gateway.Application.Services.GlobalConfiguration.Dtos.GlobalConfigurationOutput
      ┣ 最终类型：                  Hx.Core.HxUnifyResult_System.Object
      ┣ 最终返回值：                {"code":200,"type":"success","errors":null,"data":{"id":"0","baseUrl":null,"requestIdKey":null,"downstreamScheme":null,"downstreamHttpVersion":null,"loadBalancerOptions":{"type":null,"key":null,"expiry":null},"httpHandlerOptions":{"allowAutoRedirect":null,"useCookieContainer":null,"useTracing":null,"useProxy":null,"maxConnectionsPerServer":null},"qoSOptions":{"enabled":null,"exceptionsAllowedBeforeBreaking":null,"durationOfBreak":null,"timeoutValue":null},"rateLimitOptions":{"clientWhitelist":nu
      ┗━━━━━━━━━━━  Logging Monitor ━━━━━━━━━━━
info: 2023-01-25 13:51:34.8225528 +08:00 星期三 L System.Logging.LoggingMonitor[0] #68
      ┏━━━━━━━━━━━  Logging Monitor ━━━━━━━━━━━
      ┣ Hx.Gateway.Application.Services.GlobalConfiguration.GlobalConfigurationService.GetGlobalConfigurationAsync (Hx.Gateway.Application)
      ┣ 
      ┣ 控制器名称：                GlobalConfigurationService
      ┣ 操作名称：                  GetGlobalConfigurationAsync
      ┣ 路由信息：                  [area]: ; [controller]: globalConfiguration; [action]: getGlobalConfiguration
      ┣ 请求方式：                  GET
      ┣ 请求地址：                  http://localhost:5050/api/globalconfiguration/getGlobalConfiguration
      ┣ 来源地址：                  http://localhost:3000/
      ┣ 请求端源：                  client
      ┣ 浏览器标识：                Mozilla/5.0 (Windows NT 10.0; Win64; x64) AppleWebKit/537.36 (KHTML, like Gecko) Chrome/109.0.0.0 Safari/537.36
      ┣ 客户端 IP 地址：            0.0.0.1
      ┣ 服务端 IP 地址：            0.0.0.1
      ┣ 执行耗时：                  7ms
      ┣ ━━━━━━━━━━━━━━━  Cookies ━━━━━━━━━━━━━━━
      ┣ 请求端：                    
      ┣ 响应端：                    
      ┣ ━━━━━━━━━━━━━━━  系统信息 ━━━━━━━━━━━━━━━
      ┣ 系统名称：                  Microsoft Windows 10.0.18363
      ┣ 系统架构：                  X64
      ┣ 基础框架：                  Furion.Pure v4.8.4.16
      ┣ .NET 架构：                 .NET 6.0.11
      ┣ ━━━━━━━━━━━━━━━  启动信息 ━━━━━━━━━━━━━━━
      ┣ 运行环境：                  Development
      ┣ 启动程序集：                Hx.Gateway.Web.Entry
      ┣ 进程名称：                  Hx.Gateway.Web.Entry
      ┣ 托管程序：                  Kestrel
      ┣ ━━━━━━━━━━━━━━━  授权信息 ━━━━━━━━━━━━━━━
      ┣ JWT Token：                 Bearer eyJhbGciOiJIUzI1NiIsInR5cCI6IkpXVCJ9.eyJ1c2VySWQiOjI1Mjg4NTI2MzAwMDAwMCwiZnVsbE5hbWUiOiLns7vnu5_nrqHnkIblkZgiLCJvcGVuSWQiOm51bGwsImlhdCI6MTY3NDYxODQ0OSwibmJmIjoxNjc0NjE4NDQ5LCJleHAiOjE2NzUyMjMyNDksImlzcyI6IkFkbWluLk5FVCIsImF1ZCI6IkFkbWluLk5FVCJ9.Sod-D9G_kGXtwvPs86JpIhAlCdEfYGVrin_MXi8Xaf4
      ┣ 
      ┣ userId (integer64)：        252885263000000
      ┣ fullName (string)：         系统管理员
      ┣ openId (JSON_NULL)：        
      ┣ iat (integer)：             1674618449 (2023-01-25 11:47:29:0000(+08:00) 星期三 L)
      ┣ nbf (integer)：             1674618449 (2023-01-25 11:47:29:0000(+08:00) 星期三 L)
      ┣ exp (integer)：             1675223249 (2023-02-01 11:47:29:0000(+08:00) 星期三 L)
      ┣ iss (string)：              Admin.NET
      ┣ aud (string)：              Admin.NET
      ┣ ━━━━━━━━━━━━━━━  返回信息 ━━━━━━━━━━━━━━━
      ┣ 原始类型：                  System.Threading.Tasks.Task_Hx.Gateway.Application.Services.GlobalConfiguration.Dtos.GlobalConfigurationOutput
      ┣ 最终类型：                  Hx.Core.HxUnifyResult_System.Object
      ┣ 最终返回值：                {"code":200,"type":"success","errors":null,"data":{"id":"0","baseUrl":null,"requestIdKey":null,"downstreamScheme":null,"downstreamHttpVersion":null,"loadBalancerOptions":{"type":null,"key":null,"expiry":null},"httpHandlerOptions":{"allowAutoRedirect":null,"useCookieContainer":null,"useTracing":null,"useProxy":null,"maxConnectionsPerServer":null},"qoSOptions":{"enabled":null,"exceptionsAllowedBeforeBreaking":null,"durationOfBreak":null,"timeoutValue":null},"rateLimitOptions":{"clientWhitelist":nu
      ┗━━━━━━━━━━━  Logging Monitor ━━━━━━━━━━━
info: 2023-01-25 13:53:02.1219284 +08:00 星期三 L System.Logging.LoggingMonitor[0] #72
      ┏━━━━━━━━━━━  Logging Monitor ━━━━━━━━━━━
      ┣ Hx.Gateway.Application.Services.GlobalConfiguration.GlobalConfigurationService.GetGlobalConfigurationAsync (Hx.Gateway.Application)
      ┣ 
      ┣ 控制器名称：                GlobalConfigurationService
      ┣ 操作名称：                  GetGlobalConfigurationAsync
      ┣ 路由信息：                  [area]: ; [controller]: globalConfiguration; [action]: getGlobalConfiguration
      ┣ 请求方式：                  GET
      ┣ 请求地址：                  http://localhost:5050/api/globalconfiguration/getGlobalConfiguration
      ┣ 来源地址：                  http://localhost:3000/
      ┣ 请求端源：                  client
      ┣ 浏览器标识：                Mozilla/5.0 (Windows NT 10.0; Win64; x64) AppleWebKit/537.36 (KHTML, like Gecko) Chrome/109.0.0.0 Safari/537.36
      ┣ 客户端 IP 地址：            0.0.0.1
      ┣ 服务端 IP 地址：            0.0.0.1
      ┣ 执行耗时：                  4ms
      ┣ ━━━━━━━━━━━━━━━  Cookies ━━━━━━━━━━━━━━━
      ┣ 请求端：                    
      ┣ 响应端：                    
      ┣ ━━━━━━━━━━━━━━━  系统信息 ━━━━━━━━━━━━━━━
      ┣ 系统名称：                  Microsoft Windows 10.0.18363
      ┣ 系统架构：                  X64
      ┣ 基础框架：                  Furion.Pure v4.8.4.16
      ┣ .NET 架构：                 .NET 6.0.11
      ┣ ━━━━━━━━━━━━━━━  启动信息 ━━━━━━━━━━━━━━━
      ┣ 运行环境：                  Development
      ┣ 启动程序集：                Hx.Gateway.Web.Entry
      ┣ 进程名称：                  Hx.Gateway.Web.Entry
      ┣ 托管程序：                  Kestrel
      ┣ ━━━━━━━━━━━━━━━  授权信息 ━━━━━━━━━━━━━━━
      ┣ JWT Token：                 Bearer eyJhbGciOiJIUzI1NiIsInR5cCI6IkpXVCJ9.eyJ1c2VySWQiOjI1Mjg4NTI2MzAwMDAwMCwiZnVsbE5hbWUiOiLns7vnu5_nrqHnkIblkZgiLCJvcGVuSWQiOm51bGwsImlhdCI6MTY3NDYxODQ0OSwibmJmIjoxNjc0NjE4NDQ5LCJleHAiOjE2NzUyMjMyNDksImlzcyI6IkFkbWluLk5FVCIsImF1ZCI6IkFkbWluLk5FVCJ9.Sod-D9G_kGXtwvPs86JpIhAlCdEfYGVrin_MXi8Xaf4
      ┣ 
      ┣ userId (integer64)：        252885263000000
      ┣ fullName (string)：         系统管理员
      ┣ openId (JSON_NULL)：        
      ┣ iat (integer)：             1674618449 (2023-01-25 11:47:29:0000(+08:00) 星期三 L)
      ┣ nbf (integer)：             1674618449 (2023-01-25 11:47:29:0000(+08:00) 星期三 L)
      ┣ exp (integer)：             1675223249 (2023-02-01 11:47:29:0000(+08:00) 星期三 L)
      ┣ iss (string)：              Admin.NET
      ┣ aud (string)：              Admin.NET
      ┣ ━━━━━━━━━━━━━━━  返回信息 ━━━━━━━━━━━━━━━
      ┣ 原始类型：                  System.Threading.Tasks.Task_Hx.Gateway.Application.Services.GlobalConfiguration.Dtos.GlobalConfigurationOutput
      ┣ 最终类型：                  Hx.Core.HxUnifyResult_System.Object
      ┣ 最终返回值：                {"code":200,"type":"success","errors":null,"data":{"id":"0","baseUrl":null,"requestIdKey":null,"downstreamScheme":null,"downstreamHttpVersion":null,"loadBalancerOptions":{"type":null,"key":null,"expiry":null},"httpHandlerOptions":{"allowAutoRedirect":null,"useCookieContainer":null,"useTracing":null,"useProxy":null,"maxConnectionsPerServer":null},"qoSOptions":{"enabled":null,"exceptionsAllowedBeforeBreaking":null,"durationOfBreak":null,"timeoutValue":null},"rateLimitOptions":{"clientWhitelist":nu
      ┗━━━━━━━━━━━  Logging Monitor ━━━━━━━━━━━
info: 2023-01-25 13:58:12.1073593 +08:00 星期三 L System.Logging.LoggingMonitor[0] #72
      ┏━━━━━━━━━━━  Logging Monitor ━━━━━━━━━━━
      ┣ Hx.Gateway.Application.Services.GlobalConfiguration.GlobalConfigurationService.GetGlobalConfigurationAsync (Hx.Gateway.Application)
      ┣ 
      ┣ 控制器名称：                GlobalConfigurationService
      ┣ 操作名称：                  GetGlobalConfigurationAsync
      ┣ 路由信息：                  [area]: ; [controller]: globalConfiguration; [action]: getGlobalConfiguration
      ┣ 请求方式：                  GET
      ┣ 请求地址：                  http://localhost:5050/api/globalconfiguration/getGlobalConfiguration
      ┣ 来源地址：                  http://localhost:3000/
      ┣ 请求端源：                  client
      ┣ 浏览器标识：                Mozilla/5.0 (Windows NT 10.0; Win64; x64) AppleWebKit/537.36 (KHTML, like Gecko) Chrome/109.0.0.0 Safari/537.36
      ┣ 客户端 IP 地址：            0.0.0.1
      ┣ 服务端 IP 地址：            0.0.0.1
      ┣ 执行耗时：                  4ms
      ┣ ━━━━━━━━━━━━━━━  Cookies ━━━━━━━━━━━━━━━
      ┣ 请求端：                    
      ┣ 响应端：                    
      ┣ ━━━━━━━━━━━━━━━  系统信息 ━━━━━━━━━━━━━━━
      ┣ 系统名称：                  Microsoft Windows 10.0.18363
      ┣ 系统架构：                  X64
      ┣ 基础框架：                  Furion.Pure v4.8.4.16
      ┣ .NET 架构：                 .NET 6.0.11
      ┣ ━━━━━━━━━━━━━━━  启动信息 ━━━━━━━━━━━━━━━
      ┣ 运行环境：                  Development
      ┣ 启动程序集：                Hx.Gateway.Web.Entry
      ┣ 进程名称：                  Hx.Gateway.Web.Entry
      ┣ 托管程序：                  Kestrel
      ┣ ━━━━━━━━━━━━━━━  授权信息 ━━━━━━━━━━━━━━━
      ┣ JWT Token：                 Bearer eyJhbGciOiJIUzI1NiIsInR5cCI6IkpXVCJ9.eyJ1c2VySWQiOjI1Mjg4NTI2MzAwMDAwMCwiZnVsbE5hbWUiOiLns7vnu5_nrqHnkIblkZgiLCJvcGVuSWQiOm51bGwsImlhdCI6MTY3NDYxODQ0OSwibmJmIjoxNjc0NjE4NDQ5LCJleHAiOjE2NzUyMjMyNDksImlzcyI6IkFkbWluLk5FVCIsImF1ZCI6IkFkbWluLk5FVCJ9.Sod-D9G_kGXtwvPs86JpIhAlCdEfYGVrin_MXi8Xaf4
      ┣ 
      ┣ userId (integer64)：        252885263000000
      ┣ fullName (string)：         系统管理员
      ┣ openId (JSON_NULL)：        
      ┣ iat (integer)：             1674618449 (2023-01-25 11:47:29:0000(+08:00) 星期三 L)
      ┣ nbf (integer)：             1674618449 (2023-01-25 11:47:29:0000(+08:00) 星期三 L)
      ┣ exp (integer)：             1675223249 (2023-02-01 11:47:29:0000(+08:00) 星期三 L)
      ┣ iss (string)：              Admin.NET
      ┣ aud (string)：              Admin.NET
      ┣ ━━━━━━━━━━━━━━━  返回信息 ━━━━━━━━━━━━━━━
      ┣ 原始类型：                  System.Threading.Tasks.Task_Hx.Gateway.Application.Services.GlobalConfiguration.Dtos.GlobalConfigurationOutput
      ┣ 最终类型：                  Hx.Core.HxUnifyResult_System.Object
      ┣ 最终返回值：                {"code":200,"type":"success","errors":null,"data":{"id":"0","baseUrl":null,"requestIdKey":null,"downstreamScheme":null,"downstreamHttpVersion":null,"loadBalancerOptions":{"type":null,"key":null,"expiry":null},"httpHandlerOptions":{"allowAutoRedirect":null,"useCookieContainer":null,"useTracing":null,"useProxy":null,"maxConnectionsPerServer":null},"qoSOptions":{"enabled":null,"exceptionsAllowedBeforeBreaking":null,"durationOfBreak":null,"timeoutValue":null},"rateLimitOptions":{"clientWhitelist":nu
      ┗━━━━━━━━━━━  Logging Monitor ━━━━━━━━━━━
info: 2023-01-25 14:02:25.0518466 +08:00 星期三 L System.Logging.LoggingMonitor[0] #81
      ┏━━━━━━━━━━━  Logging Monitor ━━━━━━━━━━━
      ┣ Hx.Gateway.Application.Services.GlobalConfiguration.GlobalConfigurationService.GetGlobalConfigurationAsync (Hx.Gateway.Application)
      ┣ 
      ┣ 控制器名称：                GlobalConfigurationService
      ┣ 操作名称：                  GetGlobalConfigurationAsync
      ┣ 路由信息：                  [area]: ; [controller]: globalConfiguration; [action]: getGlobalConfiguration
      ┣ 请求方式：                  GET
      ┣ 请求地址：                  http://localhost:5050/api/globalconfiguration/getGlobalConfiguration
      ┣ 来源地址：                  http://localhost:3000/
      ┣ 请求端源：                  client
      ┣ 浏览器标识：                Mozilla/5.0 (Windows NT 10.0; Win64; x64) AppleWebKit/537.36 (KHTML, like Gecko) Chrome/109.0.0.0 Safari/537.36
      ┣ 客户端 IP 地址：            0.0.0.1
      ┣ 服务端 IP 地址：            0.0.0.1
      ┣ 执行耗时：                  13ms
      ┣ ━━━━━━━━━━━━━━━  Cookies ━━━━━━━━━━━━━━━
      ┣ 请求端：                    
      ┣ 响应端：                    
      ┣ ━━━━━━━━━━━━━━━  系统信息 ━━━━━━━━━━━━━━━
      ┣ 系统名称：                  Microsoft Windows 10.0.18363
      ┣ 系统架构：                  X64
      ┣ 基础框架：                  Furion.Pure v4.8.4.16
      ┣ .NET 架构：                 .NET 6.0.11
      ┣ ━━━━━━━━━━━━━━━  启动信息 ━━━━━━━━━━━━━━━
      ┣ 运行环境：                  Development
      ┣ 启动程序集：                Hx.Gateway.Web.Entry
      ┣ 进程名称：                  Hx.Gateway.Web.Entry
      ┣ 托管程序：                  Kestrel
      ┣ ━━━━━━━━━━━━━━━  授权信息 ━━━━━━━━━━━━━━━
      ┣ JWT Token：                 Bearer eyJhbGciOiJIUzI1NiIsInR5cCI6IkpXVCJ9.eyJ1c2VySWQiOjI1Mjg4NTI2MzAwMDAwMCwiZnVsbE5hbWUiOiLns7vnu5_nrqHnkIblkZgiLCJvcGVuSWQiOm51bGwsImlhdCI6MTY3NDYxODQ0OSwibmJmIjoxNjc0NjE4NDQ5LCJleHAiOjE2NzUyMjMyNDksImlzcyI6IkFkbWluLk5FVCIsImF1ZCI6IkFkbWluLk5FVCJ9.Sod-D9G_kGXtwvPs86JpIhAlCdEfYGVrin_MXi8Xaf4
      ┣ 
      ┣ userId (integer64)：        252885263000000
      ┣ fullName (string)：         系统管理员
      ┣ openId (JSON_NULL)：        
      ┣ iat (integer)：             1674618449 (2023-01-25 11:47:29:0000(+08:00) 星期三 L)
      ┣ nbf (integer)：             1674618449 (2023-01-25 11:47:29:0000(+08:00) 星期三 L)
      ┣ exp (integer)：             1675223249 (2023-02-01 11:47:29:0000(+08:00) 星期三 L)
      ┣ iss (string)：              Admin.NET
      ┣ aud (string)：              Admin.NET
      ┣ ━━━━━━━━━━━━━━━  返回信息 ━━━━━━━━━━━━━━━
      ┣ 原始类型：                  System.Threading.Tasks.Task_Hx.Gateway.Application.Services.GlobalConfiguration.Dtos.GlobalConfigurationOutput
      ┣ 最终类型：                  Hx.Core.HxUnifyResult_System.Object
      ┣ 最终返回值：                {"code":200,"type":"success","errors":null,"data":{"id":"0","baseUrl":null,"requestIdKey":null,"downstreamScheme":null,"downstreamHttpVersion":null,"loadBalancerOptions":{"type":null,"key":null,"expiry":null},"httpHandlerOptions":{"allowAutoRedirect":null,"useCookieContainer":null,"useTracing":null,"useProxy":null,"maxConnectionsPerServer":null},"qoSOptions":{"enabled":null,"exceptionsAllowedBeforeBreaking":null,"durationOfBreak":null,"timeoutValue":null},"rateLimitOptions":{"clientWhitelist":nu
      ┗━━━━━━━━━━━  Logging Monitor ━━━━━━━━━━━
info: 2023-01-25 14:03:37.1066372 +08:00 星期三 L System.Logging.LoggingMonitor[0] #86
      ┏━━━━━━━━━━━  Logging Monitor ━━━━━━━━━━━
      ┣ Hx.Gateway.Application.Services.GlobalConfiguration.GlobalConfigurationService.GetGlobalConfigurationAsync (Hx.Gateway.Application)
      ┣ 
      ┣ 控制器名称：                GlobalConfigurationService
      ┣ 操作名称：                  GetGlobalConfigurationAsync
      ┣ 路由信息：                  [area]: ; [controller]: globalConfiguration; [action]: getGlobalConfiguration
      ┣ 请求方式：                  GET
      ┣ 请求地址：                  http://localhost:5050/api/globalconfiguration/getGlobalConfiguration
      ┣ 来源地址：                  http://localhost:3000/
      ┣ 请求端源：                  client
      ┣ 浏览器标识：                Mozilla/5.0 (Windows NT 10.0; Win64; x64) AppleWebKit/537.36 (KHTML, like Gecko) Chrome/109.0.0.0 Safari/537.36
      ┣ 客户端 IP 地址：            0.0.0.1
      ┣ 服务端 IP 地址：            0.0.0.1
      ┣ 执行耗时：                  5ms
      ┣ ━━━━━━━━━━━━━━━  Cookies ━━━━━━━━━━━━━━━
      ┣ 请求端：                    
      ┣ 响应端：                    
      ┣ ━━━━━━━━━━━━━━━  系统信息 ━━━━━━━━━━━━━━━
      ┣ 系统名称：                  Microsoft Windows 10.0.18363
      ┣ 系统架构：                  X64
      ┣ 基础框架：                  Furion.Pure v4.8.4.16
      ┣ .NET 架构：                 .NET 6.0.11
      ┣ ━━━━━━━━━━━━━━━  启动信息 ━━━━━━━━━━━━━━━
      ┣ 运行环境：                  Development
      ┣ 启动程序集：                Hx.Gateway.Web.Entry
      ┣ 进程名称：                  Hx.Gateway.Web.Entry
      ┣ 托管程序：                  Kestrel
      ┣ ━━━━━━━━━━━━━━━  授权信息 ━━━━━━━━━━━━━━━
      ┣ JWT Token：                 Bearer eyJhbGciOiJIUzI1NiIsInR5cCI6IkpXVCJ9.eyJ1c2VySWQiOjI1Mjg4NTI2MzAwMDAwMCwiZnVsbE5hbWUiOiLns7vnu5_nrqHnkIblkZgiLCJvcGVuSWQiOm51bGwsImlhdCI6MTY3NDYxODQ0OSwibmJmIjoxNjc0NjE4NDQ5LCJleHAiOjE2NzUyMjMyNDksImlzcyI6IkFkbWluLk5FVCIsImF1ZCI6IkFkbWluLk5FVCJ9.Sod-D9G_kGXtwvPs86JpIhAlCdEfYGVrin_MXi8Xaf4
      ┣ 
      ┣ userId (integer64)：        252885263000000
      ┣ fullName (string)：         系统管理员
      ┣ openId (JSON_NULL)：        
      ┣ iat (integer)：             1674618449 (2023-01-25 11:47:29:0000(+08:00) 星期三 L)
      ┣ nbf (integer)：             1674618449 (2023-01-25 11:47:29:0000(+08:00) 星期三 L)
      ┣ exp (integer)：             1675223249 (2023-02-01 11:47:29:0000(+08:00) 星期三 L)
      ┣ iss (string)：              Admin.NET
      ┣ aud (string)：              Admin.NET
      ┣ ━━━━━━━━━━━━━━━  返回信息 ━━━━━━━━━━━━━━━
      ┣ 原始类型：                  System.Threading.Tasks.Task_Hx.Gateway.Application.Services.GlobalConfiguration.Dtos.GlobalConfigurationOutput
      ┣ 最终类型：                  Hx.Core.HxUnifyResult_System.Object
      ┣ 最终返回值：                {"code":200,"type":"success","errors":null,"data":{"id":"0","baseUrl":null,"requestIdKey":null,"downstreamScheme":null,"downstreamHttpVersion":null,"loadBalancerOptions":{"type":null,"key":null,"expiry":null},"httpHandlerOptions":{"allowAutoRedirect":null,"useCookieContainer":null,"useTracing":null,"useProxy":null,"maxConnectionsPerServer":null},"qoSOptions":{"enabled":null,"exceptionsAllowedBeforeBreaking":null,"durationOfBreak":null,"timeoutValue":null},"rateLimitOptions":{"clientWhitelist":nu
      ┗━━━━━━━━━━━  Logging Monitor ━━━━━━━━━━━
info: 2023-01-25 14:04:02.0420302 +08:00 星期三 L System.Logging.LoggingMonitor[0] #87
      ┏━━━━━━━━━━━  Logging Monitor ━━━━━━━━━━━
      ┣ Hx.Gateway.Application.Services.GlobalConfiguration.GlobalConfigurationService.GetGlobalConfigurationAsync (Hx.Gateway.Application)
      ┣ 
      ┣ 控制器名称：                GlobalConfigurationService
      ┣ 操作名称：                  GetGlobalConfigurationAsync
      ┣ 路由信息：                  [area]: ; [controller]: globalConfiguration; [action]: getGlobalConfiguration
      ┣ 请求方式：                  GET
      ┣ 请求地址：                  http://localhost:5050/api/globalconfiguration/getGlobalConfiguration
      ┣ 来源地址：                  http://localhost:3000/
      ┣ 请求端源：                  client
      ┣ 浏览器标识：                Mozilla/5.0 (Windows NT 10.0; Win64; x64) AppleWebKit/537.36 (KHTML, like Gecko) Chrome/109.0.0.0 Safari/537.36
      ┣ 客户端 IP 地址：            0.0.0.1
      ┣ 服务端 IP 地址：            0.0.0.1
      ┣ 执行耗时：                  9ms
      ┣ ━━━━━━━━━━━━━━━  Cookies ━━━━━━━━━━━━━━━
      ┣ 请求端：                    
      ┣ 响应端：                    
      ┣ ━━━━━━━━━━━━━━━  系统信息 ━━━━━━━━━━━━━━━
      ┣ 系统名称：                  Microsoft Windows 10.0.18363
      ┣ 系统架构：                  X64
      ┣ 基础框架：                  Furion.Pure v4.8.4.16
      ┣ .NET 架构：                 .NET 6.0.11
      ┣ ━━━━━━━━━━━━━━━  启动信息 ━━━━━━━━━━━━━━━
      ┣ 运行环境：                  Development
      ┣ 启动程序集：                Hx.Gateway.Web.Entry
      ┣ 进程名称：                  Hx.Gateway.Web.Entry
      ┣ 托管程序：                  Kestrel
      ┣ ━━━━━━━━━━━━━━━  授权信息 ━━━━━━━━━━━━━━━
      ┣ JWT Token：                 Bearer eyJhbGciOiJIUzI1NiIsInR5cCI6IkpXVCJ9.eyJ1c2VySWQiOjI1Mjg4NTI2MzAwMDAwMCwiZnVsbE5hbWUiOiLns7vnu5_nrqHnkIblkZgiLCJvcGVuSWQiOm51bGwsImlhdCI6MTY3NDYxODQ0OSwibmJmIjoxNjc0NjE4NDQ5LCJleHAiOjE2NzUyMjMyNDksImlzcyI6IkFkbWluLk5FVCIsImF1ZCI6IkFkbWluLk5FVCJ9.Sod-D9G_kGXtwvPs86JpIhAlCdEfYGVrin_MXi8Xaf4
      ┣ 
      ┣ userId (integer64)：        252885263000000
      ┣ fullName (string)：         系统管理员
      ┣ openId (JSON_NULL)：        
      ┣ iat (integer)：             1674618449 (2023-01-25 11:47:29:0000(+08:00) 星期三 L)
      ┣ nbf (integer)：             1674618449 (2023-01-25 11:47:29:0000(+08:00) 星期三 L)
      ┣ exp (integer)：             1675223249 (2023-02-01 11:47:29:0000(+08:00) 星期三 L)
      ┣ iss (string)：              Admin.NET
      ┣ aud (string)：              Admin.NET
      ┣ ━━━━━━━━━━━━━━━  返回信息 ━━━━━━━━━━━━━━━
      ┣ 原始类型：                  System.Threading.Tasks.Task_Hx.Gateway.Application.Services.GlobalConfiguration.Dtos.GlobalConfigurationOutput
      ┣ 最终类型：                  Hx.Core.HxUnifyResult_System.Object
      ┣ 最终返回值：                {"code":200,"type":"success","errors":null,"data":{"id":"0","baseUrl":null,"requestIdKey":null,"downstreamScheme":null,"downstreamHttpVersion":null,"loadBalancerOptions":{"type":null,"key":null,"expiry":null},"httpHandlerOptions":{"allowAutoRedirect":null,"useCookieContainer":null,"useTracing":null,"useProxy":null,"maxConnectionsPerServer":null},"qoSOptions":{"enabled":null,"exceptionsAllowedBeforeBreaking":null,"durationOfBreak":null,"timeoutValue":null},"rateLimitOptions":{"clientWhitelist":nu
      ┗━━━━━━━━━━━  Logging Monitor ━━━━━━━━━━━
info: 2023-01-25 14:04:15.1605014 +08:00 星期三 L System.Logging.LoggingMonitor[0] #74
      ┏━━━━━━━━━━━  Logging Monitor ━━━━━━━━━━━
      ┣ Hx.Gateway.Application.Services.GlobalConfiguration.GlobalConfigurationService.GetGlobalConfigurationAsync (Hx.Gateway.Application)
      ┣ 
      ┣ 控制器名称：                GlobalConfigurationService
      ┣ 操作名称：                  GetGlobalConfigurationAsync
      ┣ 路由信息：                  [area]: ; [controller]: globalConfiguration; [action]: getGlobalConfiguration
      ┣ 请求方式：                  GET
      ┣ 请求地址：                  http://localhost:5050/api/globalconfiguration/getGlobalConfiguration
      ┣ 来源地址：                  http://localhost:3000/
      ┣ 请求端源：                  client
      ┣ 浏览器标识：                Mozilla/5.0 (Windows NT 10.0; Win64; x64) AppleWebKit/537.36 (KHTML, like Gecko) Chrome/109.0.0.0 Safari/537.36
      ┣ 客户端 IP 地址：            0.0.0.1
      ┣ 服务端 IP 地址：            0.0.0.1
      ┣ 执行耗时：                  8ms
      ┣ ━━━━━━━━━━━━━━━  Cookies ━━━━━━━━━━━━━━━
      ┣ 请求端：                    
      ┣ 响应端：                    
      ┣ ━━━━━━━━━━━━━━━  系统信息 ━━━━━━━━━━━━━━━
      ┣ 系统名称：                  Microsoft Windows 10.0.18363
      ┣ 系统架构：                  X64
      ┣ 基础框架：                  Furion.Pure v4.8.4.16
      ┣ .NET 架构：                 .NET 6.0.11
      ┣ ━━━━━━━━━━━━━━━  启动信息 ━━━━━━━━━━━━━━━
      ┣ 运行环境：                  Development
      ┣ 启动程序集：                Hx.Gateway.Web.Entry
      ┣ 进程名称：                  Hx.Gateway.Web.Entry
      ┣ 托管程序：                  Kestrel
      ┣ ━━━━━━━━━━━━━━━  授权信息 ━━━━━━━━━━━━━━━
      ┣ JWT Token：                 Bearer eyJhbGciOiJIUzI1NiIsInR5cCI6IkpXVCJ9.eyJ1c2VySWQiOjI1Mjg4NTI2MzAwMDAwMCwiZnVsbE5hbWUiOiLns7vnu5_nrqHnkIblkZgiLCJvcGVuSWQiOm51bGwsImlhdCI6MTY3NDYxODQ0OSwibmJmIjoxNjc0NjE4NDQ5LCJleHAiOjE2NzUyMjMyNDksImlzcyI6IkFkbWluLk5FVCIsImF1ZCI6IkFkbWluLk5FVCJ9.Sod-D9G_kGXtwvPs86JpIhAlCdEfYGVrin_MXi8Xaf4
      ┣ 
      ┣ userId (integer64)：        252885263000000
      ┣ fullName (string)：         系统管理员
      ┣ openId (JSON_NULL)：        
      ┣ iat (integer)：             1674618449 (2023-01-25 11:47:29:0000(+08:00) 星期三 L)
      ┣ nbf (integer)：             1674618449 (2023-01-25 11:47:29:0000(+08:00) 星期三 L)
      ┣ exp (integer)：             1675223249 (2023-02-01 11:47:29:0000(+08:00) 星期三 L)
      ┣ iss (string)：              Admin.NET
      ┣ aud (string)：              Admin.NET
      ┣ ━━━━━━━━━━━━━━━  返回信息 ━━━━━━━━━━━━━━━
      ┣ 原始类型：                  System.Threading.Tasks.Task_Hx.Gateway.Application.Services.GlobalConfiguration.Dtos.GlobalConfigurationOutput
      ┣ 最终类型：                  Hx.Core.HxUnifyResult_System.Object
      ┣ 最终返回值：                {"code":200,"type":"success","errors":null,"data":{"id":"0","baseUrl":null,"requestIdKey":null,"downstreamScheme":null,"downstreamHttpVersion":null,"loadBalancerOptions":{"type":null,"key":null,"expiry":null},"httpHandlerOptions":{"allowAutoRedirect":null,"useCookieContainer":null,"useTracing":null,"useProxy":null,"maxConnectionsPerServer":null},"qoSOptions":{"enabled":null,"exceptionsAllowedBeforeBreaking":null,"durationOfBreak":null,"timeoutValue":null},"rateLimitOptions":{"clientWhitelist":nu
      ┗━━━━━━━━━━━  Logging Monitor ━━━━━━━━━━━
info: 2023-01-25 14:04:38.6770267 +08:00 星期三 L System.Logging.LoggingMonitor[0] #88
      ┏━━━━━━━━━━━  Logging Monitor ━━━━━━━━━━━
      ┣ Hx.Gateway.Application.Services.GlobalConfiguration.GlobalConfigurationService.GetGlobalConfigurationAsync (Hx.Gateway.Application)
      ┣ 
      ┣ 控制器名称：                GlobalConfigurationService
      ┣ 操作名称：                  GetGlobalConfigurationAsync
      ┣ 路由信息：                  [area]: ; [controller]: globalConfiguration; [action]: getGlobalConfiguration
      ┣ 请求方式：                  GET
      ┣ 请求地址：                  http://localhost:5050/api/globalconfiguration/getGlobalConfiguration
      ┣ 来源地址：                  http://localhost:3000/
      ┣ 请求端源：                  client
      ┣ 浏览器标识：                Mozilla/5.0 (Windows NT 10.0; Win64; x64) AppleWebKit/537.36 (KHTML, like Gecko) Chrome/109.0.0.0 Safari/537.36
      ┣ 客户端 IP 地址：            0.0.0.1
      ┣ 服务端 IP 地址：            0.0.0.1
      ┣ 执行耗时：                  3ms
      ┣ ━━━━━━━━━━━━━━━  Cookies ━━━━━━━━━━━━━━━
      ┣ 请求端：                    
      ┣ 响应端：                    
      ┣ ━━━━━━━━━━━━━━━  系统信息 ━━━━━━━━━━━━━━━
      ┣ 系统名称：                  Microsoft Windows 10.0.18363
      ┣ 系统架构：                  X64
      ┣ 基础框架：                  Furion.Pure v4.8.4.16
      ┣ .NET 架构：                 .NET 6.0.11
      ┣ ━━━━━━━━━━━━━━━  启动信息 ━━━━━━━━━━━━━━━
      ┣ 运行环境：                  Development
      ┣ 启动程序集：                Hx.Gateway.Web.Entry
      ┣ 进程名称：                  Hx.Gateway.Web.Entry
      ┣ 托管程序：                  Kestrel
      ┣ ━━━━━━━━━━━━━━━  授权信息 ━━━━━━━━━━━━━━━
      ┣ JWT Token：                 Bearer eyJhbGciOiJIUzI1NiIsInR5cCI6IkpXVCJ9.eyJ1c2VySWQiOjI1Mjg4NTI2MzAwMDAwMCwiZnVsbE5hbWUiOiLns7vnu5_nrqHnkIblkZgiLCJvcGVuSWQiOm51bGwsImlhdCI6MTY3NDYxODQ0OSwibmJmIjoxNjc0NjE4NDQ5LCJleHAiOjE2NzUyMjMyNDksImlzcyI6IkFkbWluLk5FVCIsImF1ZCI6IkFkbWluLk5FVCJ9.Sod-D9G_kGXtwvPs86JpIhAlCdEfYGVrin_MXi8Xaf4
      ┣ 
      ┣ userId (integer64)：        252885263000000
      ┣ fullName (string)：         系统管理员
      ┣ openId (JSON_NULL)：        
      ┣ iat (integer)：             1674618449 (2023-01-25 11:47:29:0000(+08:00) 星期三 L)
      ┣ nbf (integer)：             1674618449 (2023-01-25 11:47:29:0000(+08:00) 星期三 L)
      ┣ exp (integer)：             1675223249 (2023-02-01 11:47:29:0000(+08:00) 星期三 L)
      ┣ iss (string)：              Admin.NET
      ┣ aud (string)：              Admin.NET
      ┣ ━━━━━━━━━━━━━━━  返回信息 ━━━━━━━━━━━━━━━
      ┣ 原始类型：                  System.Threading.Tasks.Task_Hx.Gateway.Application.Services.GlobalConfiguration.Dtos.GlobalConfigurationOutput
      ┣ 最终类型：                  Hx.Core.HxUnifyResult_System.Object
      ┣ 最终返回值：                {"code":200,"type":"success","errors":null,"data":{"id":"0","baseUrl":null,"requestIdKey":null,"downstreamScheme":null,"downstreamHttpVersion":null,"loadBalancerOptions":{"type":null,"key":null,"expiry":null},"httpHandlerOptions":{"allowAutoRedirect":null,"useCookieContainer":null,"useTracing":null,"useProxy":null,"maxConnectionsPerServer":null},"qoSOptions":{"enabled":null,"exceptionsAllowedBeforeBreaking":null,"durationOfBreak":null,"timeoutValue":null},"rateLimitOptions":{"clientWhitelist":nu
      ┗━━━━━━━━━━━  Logging Monitor ━━━━━━━━━━━
info: 2023-01-25 14:10:20.2568882 +08:00 星期三 L System.Logging.LoggingMonitor[0] #4
      ┏━━━━━━━━━━━  Logging Monitor ━━━━━━━━━━━
      ┣ Hx.Gateway.Application.Services.GlobalConfiguration.GlobalConfigurationService.GetGlobalConfigurationAsync (Hx.Gateway.Application)
      ┣ 
      ┣ 控制器名称：                GlobalConfigurationService
      ┣ 操作名称：                  GetGlobalConfigurationAsync
      ┣ 路由信息：                  [area]: ; [controller]: globalConfiguration; [action]: getGlobalConfiguration
      ┣ 请求方式：                  GET
      ┣ 请求地址：                  http://localhost:5050/api/globalconfiguration/getGlobalConfiguration
      ┣ 来源地址：                  http://localhost:3000/
      ┣ 请求端源：                  client
      ┣ 浏览器标识：                Mozilla/5.0 (Windows NT 10.0; Win64; x64) AppleWebKit/537.36 (KHTML, like Gecko) Chrome/109.0.0.0 Safari/537.36
      ┣ 客户端 IP 地址：            0.0.0.1
      ┣ 服务端 IP 地址：            0.0.0.1
      ┣ 执行耗时：                  253ms
      ┣ ━━━━━━━━━━━━━━━  Cookies ━━━━━━━━━━━━━━━
      ┣ 请求端：                    
      ┣ 响应端：                    
      ┣ ━━━━━━━━━━━━━━━  系统信息 ━━━━━━━━━━━━━━━
      ┣ 系统名称：                  Microsoft Windows 10.0.18363
      ┣ 系统架构：                  X64
      ┣ 基础框架：                  Furion.Pure v4.8.4.16
      ┣ .NET 架构：                 .NET 6.0.11
      ┣ ━━━━━━━━━━━━━━━  启动信息 ━━━━━━━━━━━━━━━
      ┣ 运行环境：                  Development
      ┣ 启动程序集：                Hx.Gateway.Web.Entry
      ┣ 进程名称：                  Hx.Gateway.Web.Entry
      ┣ 托管程序：                  Kestrel
      ┣ ━━━━━━━━━━━━━━━  授权信息 ━━━━━━━━━━━━━━━
      ┣ JWT Token：                 Bearer eyJhbGciOiJIUzI1NiIsInR5cCI6IkpXVCJ9.eyJ1c2VySWQiOjI1Mjg4NTI2MzAwMDAwMCwiZnVsbE5hbWUiOiLns7vnu5_nrqHnkIblkZgiLCJvcGVuSWQiOm51bGwsImlhdCI6MTY3NDYxODQ0OSwibmJmIjoxNjc0NjE4NDQ5LCJleHAiOjE2NzUyMjMyNDksImlzcyI6IkFkbWluLk5FVCIsImF1ZCI6IkFkbWluLk5FVCJ9.Sod-D9G_kGXtwvPs86JpIhAlCdEfYGVrin_MXi8Xaf4
      ┣ 
      ┣ userId (integer64)：        252885263000000
      ┣ fullName (string)：         系统管理员
      ┣ openId (JSON_NULL)：        
      ┣ iat (integer)：             1674618449 (2023-01-25 11:47:29:0000(+08:00) 星期三 L)
      ┣ nbf (integer)：             1674618449 (2023-01-25 11:47:29:0000(+08:00) 星期三 L)
      ┣ exp (integer)：             1675223249 (2023-02-01 11:47:29:0000(+08:00) 星期三 L)
      ┣ iss (string)：              Admin.NET
      ┣ aud (string)：              Admin.NET
      ┣ ━━━━━━━━━━━━━━━  返回信息 ━━━━━━━━━━━━━━━
      ┣ 原始类型：                  System.Threading.Tasks.Task_Hx.Gateway.Application.Services.GlobalConfiguration.Dtos.GlobalConfigurationOutput
      ┣ 最终类型：                  Hx.Core.HxUnifyResult_System.Object
      ┣ 最终返回值：                {"code":200,"type":"success","errors":null,"data":{"id":"378493955158341","baseUrl":null,"requestIdKey":null,"downstreamScheme":null,"downstreamHttpVersion":null,"loadBalancerOptions":{"type":null,"key":null,"expiry":null},"httpHandlerOptions":{"allowAutoRedirect":null,"useCookieContainer":null,"useTracing":null,"useProxy":null,"maxConnectionsPerServer":null},"qoSOptions":{"enabled":null,"exceptionsAllowedBeforeBreaking":null,"durationOfBreak":null,"timeoutValue":null},"rateLimitOptions":{"clien
      ┗━━━━━━━━━━━  Logging Monitor ━━━━━━━━━━━
info: 2023-01-25 14:10:32.4317163 +08:00 星期三 L System.Logging.LoggingMonitor[0] #4
      ┏━━━━━━━━━━━  Logging Monitor ━━━━━━━━━━━
      ┣ Hx.Gateway.Application.Services.GlobalConfiguration.GlobalConfigurationService.GetGlobalConfigurationAsync (Hx.Gateway.Application)
      ┣ 
      ┣ 控制器名称：                GlobalConfigurationService
      ┣ 操作名称：                  GetGlobalConfigurationAsync
      ┣ 路由信息：                  [area]: ; [controller]: globalConfiguration; [action]: getGlobalConfiguration
      ┣ 请求方式：                  GET
      ┣ 请求地址：                  http://localhost:5050/api/globalconfiguration/getGlobalConfiguration
      ┣ 来源地址：                  http://localhost:3000/
      ┣ 请求端源：                  client
      ┣ 浏览器标识：                Mozilla/5.0 (Windows NT 10.0; Win64; x64) AppleWebKit/537.36 (KHTML, like Gecko) Chrome/109.0.0.0 Safari/537.36
      ┣ 客户端 IP 地址：            0.0.0.1
      ┣ 服务端 IP 地址：            0.0.0.1
      ┣ 执行耗时：                  5ms
      ┣ ━━━━━━━━━━━━━━━  Cookies ━━━━━━━━━━━━━━━
      ┣ 请求端：                    
      ┣ 响应端：                    
      ┣ ━━━━━━━━━━━━━━━  系统信息 ━━━━━━━━━━━━━━━
      ┣ 系统名称：                  Microsoft Windows 10.0.18363
      ┣ 系统架构：                  X64
      ┣ 基础框架：                  Furion.Pure v4.8.4.16
      ┣ .NET 架构：                 .NET 6.0.11
      ┣ ━━━━━━━━━━━━━━━  启动信息 ━━━━━━━━━━━━━━━
      ┣ 运行环境：                  Development
      ┣ 启动程序集：                Hx.Gateway.Web.Entry
      ┣ 进程名称：                  Hx.Gateway.Web.Entry
      ┣ 托管程序：                  Kestrel
      ┣ ━━━━━━━━━━━━━━━  授权信息 ━━━━━━━━━━━━━━━
      ┣ JWT Token：                 Bearer eyJhbGciOiJIUzI1NiIsInR5cCI6IkpXVCJ9.eyJ1c2VySWQiOjI1Mjg4NTI2MzAwMDAwMCwiZnVsbE5hbWUiOiLns7vnu5_nrqHnkIblkZgiLCJvcGVuSWQiOm51bGwsImlhdCI6MTY3NDYxODQ0OSwibmJmIjoxNjc0NjE4NDQ5LCJleHAiOjE2NzUyMjMyNDksImlzcyI6IkFkbWluLk5FVCIsImF1ZCI6IkFkbWluLk5FVCJ9.Sod-D9G_kGXtwvPs86JpIhAlCdEfYGVrin_MXi8Xaf4
      ┣ 
      ┣ userId (integer64)：        252885263000000
      ┣ fullName (string)：         系统管理员
      ┣ openId (JSON_NULL)：        
      ┣ iat (integer)：             1674618449 (2023-01-25 11:47:29:0000(+08:00) 星期三 L)
      ┣ nbf (integer)：             1674618449 (2023-01-25 11:47:29:0000(+08:00) 星期三 L)
      ┣ exp (integer)：             1675223249 (2023-02-01 11:47:29:0000(+08:00) 星期三 L)
      ┣ iss (string)：              Admin.NET
      ┣ aud (string)：              Admin.NET
      ┣ ━━━━━━━━━━━━━━━  返回信息 ━━━━━━━━━━━━━━━
      ┣ 原始类型：                  System.Threading.Tasks.Task_Hx.Gateway.Application.Services.GlobalConfiguration.Dtos.GlobalConfigurationOutput
      ┣ 最终类型：                  Hx.Core.HxUnifyResult_System.Object
      ┣ 最终返回值：                {"code":200,"type":"success","errors":null,"data":{"id":"378493955158341","baseUrl":null,"requestIdKey":null,"downstreamScheme":null,"downstreamHttpVersion":null,"loadBalancerOptions":{"type":null,"key":null,"expiry":null},"httpHandlerOptions":{"allowAutoRedirect":null,"useCookieContainer":null,"useTracing":null,"useProxy":null,"maxConnectionsPerServer":null},"qoSOptions":{"enabled":null,"exceptionsAllowedBeforeBreaking":null,"durationOfBreak":null,"timeoutValue":null},"rateLimitOptions":{"clien
      ┗━━━━━━━━━━━  Logging Monitor ━━━━━━━━━━━
info: 2023-01-25 14:11:49.2999727 +08:00 星期三 L System.Logging.LoggingMonitor[0] #7
      ┏━━━━━━━━━━━  Logging Monitor ━━━━━━━━━━━
      ┣ Hx.Gateway.Application.Services.GlobalConfiguration.GlobalConfigurationService.UpdateGlobalConfigurationAsync (Hx.Gateway.Application)
      ┣ 
      ┣ 控制器名称：                GlobalConfigurationService
      ┣ 操作名称：                  UpdateGlobalConfigurationAsync
      ┣ 路由信息：                  [area]: ; [controller]: globalConfiguration; [action]: updateGlobalConfiguration
      ┣ 请求方式：                  PUT
      ┣ 请求地址：                  http://localhost:5050/api/globalconfiguration/updateGlobalConfiguration
      ┣ 来源地址：                  http://localhost:3000/
      ┣ 请求端源：                  client
      ┣ 浏览器标识：                Mozilla/5.0 (Windows NT 10.0; Win64; x64) AppleWebKit/537.36 (KHTML, like Gecko) Chrome/109.0.0.0 Safari/537.36
      ┣ 客户端 IP 地址：            0.0.0.1
      ┣ 服务端 IP 地址：            0.0.0.1
      ┣ 执行耗时：                  6ms
      ┣ ━━━━━━━━━━━━━━━  Cookies ━━━━━━━━━━━━━━━
      ┣ 请求端：                    
      ┣ 响应端：                    
      ┣ ━━━━━━━━━━━━━━━  系统信息 ━━━━━━━━━━━━━━━
      ┣ 系统名称：                  Microsoft Windows 10.0.18363
      ┣ 系统架构：                  X64
      ┣ 基础框架：                  Furion.Pure v4.8.4.16
      ┣ .NET 架构：                 .NET 6.0.11
      ┣ ━━━━━━━━━━━━━━━  启动信息 ━━━━━━━━━━━━━━━
      ┣ 运行环境：                  Development
      ┣ 启动程序集：                Hx.Gateway.Web.Entry
      ┣ 进程名称：                  Hx.Gateway.Web.Entry
      ┣ 托管程序：                  Kestrel
      ┣ ━━━━━━━━━━━━━━━  授权信息 ━━━━━━━━━━━━━━━
      ┣ JWT Token：                 Bearer eyJhbGciOiJIUzI1NiIsInR5cCI6IkpXVCJ9.eyJ1c2VySWQiOjI1Mjg4NTI2MzAwMDAwMCwiZnVsbE5hbWUiOiLns7vnu5_nrqHnkIblkZgiLCJvcGVuSWQiOm51bGwsImlhdCI6MTY3NDYxODQ0OSwibmJmIjoxNjc0NjE4NDQ5LCJleHAiOjE2NzUyMjMyNDksImlzcyI6IkFkbWluLk5FVCIsImF1ZCI6IkFkbWluLk5FVCJ9.Sod-D9G_kGXtwvPs86JpIhAlCdEfYGVrin_MXi8Xaf4
      ┣ 
      ┣ userId (integer64)：        252885263000000
      ┣ fullName (string)：         系统管理员
      ┣ openId (JSON_NULL)：        
      ┣ iat (integer)：             1674618449 (2023-01-25 11:47:29:0000(+08:00) 星期三 L)
      ┣ nbf (integer)：             1674618449 (2023-01-25 11:47:29:0000(+08:00) 星期三 L)
      ┣ exp (integer)：             1675223249 (2023-02-01 11:47:29:0000(+08:00) 星期三 L)
      ┣ iss (string)：              Admin.NET
      ┣ aud (string)：              Admin.NET
      ┣ ━━━━━━━━━━━━━━━  返回信息 ━━━━━━━━━━━━━━━
      ┣ 原始类型：                  System.Threading.Tasks.Task_System.String
      ┣ 最终类型：                  Hx.Core.HxUnifyResult_System.Object
      ┣ 最终返回值：                {"code":400,"type":"error","errors":{"$.id":["The JSON value could not be converted to System.Int32. Path: $.id | LineNumber: 0 | BytePositionInLine: 23."]},"data":null,"extras":null,"timestamp":"1674627109293"}
      ┣ ━━━━━━━━━━━━━━━  业务异常 ━━━━━━━━━━━━━━━
      ┣ 业务码：                    
      ┣ 业务码（原）：              
      ┣ 业务消息：                  {"$.id":["The JSON value could not be converted to System.Int32. Path: $.id | LineNumber: 0 | BytePositionInLine: 23."]}
      ┗━━━━━━━━━━━  Logging Monitor ━━━━━━━━━━━
info: 2023-01-25 14:13:20.6238336 +08:00 星期三 L System.Logging.LoggingMonitor[0] #28
      ┏━━━━━━━━━━━  Logging Monitor ━━━━━━━━━━━
      ┣ Hx.Gateway.Application.Services.GlobalConfiguration.GlobalConfigurationService.GetGlobalConfigurationAsync (Hx.Gateway.Application)
      ┣ 
      ┣ 控制器名称：                GlobalConfigurationService
      ┣ 操作名称：                  GetGlobalConfigurationAsync
      ┣ 路由信息：                  [area]: ; [controller]: globalConfiguration; [action]: getGlobalConfiguration
      ┣ 请求方式：                  GET
      ┣ 请求地址：                  http://localhost:5050/api/globalconfiguration/getGlobalConfiguration
      ┣ 来源地址：                  http://localhost:3000/
      ┣ 请求端源：                  client
      ┣ 浏览器标识：                Mozilla/5.0 (Windows NT 10.0; Win64; x64) AppleWebKit/537.36 (KHTML, like Gecko) Chrome/109.0.0.0 Safari/537.36
      ┣ 客户端 IP 地址：            0.0.0.1
      ┣ 服务端 IP 地址：            0.0.0.1
      ┣ 执行耗时：                  8ms
      ┣ ━━━━━━━━━━━━━━━  Cookies ━━━━━━━━━━━━━━━
      ┣ 请求端：                    
      ┣ 响应端：                    
      ┣ ━━━━━━━━━━━━━━━  系统信息 ━━━━━━━━━━━━━━━
      ┣ 系统名称：                  Microsoft Windows 10.0.18363
      ┣ 系统架构：                  X64
      ┣ 基础框架：                  Furion.Pure v4.8.4.16
      ┣ .NET 架构：                 .NET 6.0.11
      ┣ ━━━━━━━━━━━━━━━  启动信息 ━━━━━━━━━━━━━━━
      ┣ 运行环境：                  Development
      ┣ 启动程序集：                Hx.Gateway.Web.Entry
      ┣ 进程名称：                  Hx.Gateway.Web.Entry
      ┣ 托管程序：                  Kestrel
      ┣ ━━━━━━━━━━━━━━━  授权信息 ━━━━━━━━━━━━━━━
      ┣ JWT Token：                 Bearer eyJhbGciOiJIUzI1NiIsInR5cCI6IkpXVCJ9.eyJ1c2VySWQiOjI1Mjg4NTI2MzAwMDAwMCwiZnVsbE5hbWUiOiLns7vnu5_nrqHnkIblkZgiLCJvcGVuSWQiOm51bGwsImlhdCI6MTY3NDYxODQ0OSwibmJmIjoxNjc0NjE4NDQ5LCJleHAiOjE2NzUyMjMyNDksImlzcyI6IkFkbWluLk5FVCIsImF1ZCI6IkFkbWluLk5FVCJ9.Sod-D9G_kGXtwvPs86JpIhAlCdEfYGVrin_MXi8Xaf4
      ┣ 
      ┣ userId (integer64)：        252885263000000
      ┣ fullName (string)：         系统管理员
      ┣ openId (JSON_NULL)：        
      ┣ iat (integer)：             1674618449 (2023-01-25 11:47:29:0000(+08:00) 星期三 L)
      ┣ nbf (integer)：             1674618449 (2023-01-25 11:47:29:0000(+08:00) 星期三 L)
      ┣ exp (integer)：             1675223249 (2023-02-01 11:47:29:0000(+08:00) 星期三 L)
      ┣ iss (string)：              Admin.NET
      ┣ aud (string)：              Admin.NET
      ┣ ━━━━━━━━━━━━━━━  返回信息 ━━━━━━━━━━━━━━━
      ┣ 原始类型：                  System.Threading.Tasks.Task_Hx.Gateway.Application.Services.GlobalConfiguration.Dtos.GlobalConfigurationOutput
      ┣ 最终类型：                  Hx.Core.HxUnifyResult_System.Object
      ┣ 最终返回值：                {"code":200,"type":"success","errors":null,"data":{"id":"378493955158341","baseUrl":null,"requestIdKey":null,"downstreamScheme":null,"downstreamHttpVersion":null,"loadBalancerOptions":{"type":null,"key":null,"expiry":null},"httpHandlerOptions":{"allowAutoRedirect":null,"useCookieContainer":null,"useTracing":null,"useProxy":null,"maxConnectionsPerServer":null},"qoSOptions":{"enabled":null,"exceptionsAllowedBeforeBreaking":null,"durationOfBreak":null,"timeoutValue":null},"rateLimitOptions":{"clien
      ┗━━━━━━━━━━━  Logging Monitor ━━━━━━━━━━━
info: 2023-01-25 14:13:52.8941326 +08:00 星期三 L System.Logging.LoggingMonitor[0] #23
      ┏━━━━━━━━━━━  Logging Monitor ━━━━━━━━━━━
      ┣ Hx.Gateway.Application.Services.GlobalConfiguration.GlobalConfigurationService.UpdateGlobalConfigurationAsync (Hx.Gateway.Application)
      ┣ 
      ┣ 控制器名称：                                      GlobalConfigurationService
      ┣ 操作名称：                                        UpdateGlobalConfigurationAsync
      ┣ 路由信息：                                        [area]: ; [controller]: globalConfiguration; [action]: updateGlobalConfiguration
      ┣ 请求方式：                                        PUT
      ┣ 请求地址：                                        http://localhost:5050/api/globalconfiguration/updateGlobalConfiguration
      ┣ 来源地址：                                        http://localhost:3000/
      ┣ 请求端源：                                        client
      ┣ 浏览器标识：                                      Mozilla/5.0 (Windows NT 10.0; Win64; x64) AppleWebKit/537.36 (KHTML, like Gecko) Chrome/109.0.0.0 Safari/537.36
      ┣ 客户端 IP 地址：                                  0.0.0.1
      ┣ 服务端 IP 地址：                                  0.0.0.1
      ┣ 执行耗时：                                        285ms
      ┣ ━━━━━━━━━━━━━━━  Cookies ━━━━━━━━━━━━━━━
      ┣ 请求端：                                          
      ┣ 响应端：                                          
      ┣ ━━━━━━━━━━━━━━━  系统信息 ━━━━━━━━━━━━━━━
      ┣ 系统名称：                                        Microsoft Windows 10.0.18363
      ┣ 系统架构：                                        X64
      ┣ 基础框架：                                        Furion.Pure v4.8.4.16
      ┣ .NET 架构：                                       .NET 6.0.11
      ┣ ━━━━━━━━━━━━━━━  启动信息 ━━━━━━━━━━━━━━━
      ┣ 运行环境：                                        Development
      ┣ 启动程序集：                                      Hx.Gateway.Web.Entry
      ┣ 进程名称：                                        Hx.Gateway.Web.Entry
      ┣ 托管程序：                                        Kestrel
      ┣ ━━━━━━━━━━━━━━━  授权信息 ━━━━━━━━━━━━━━━
      ┣ JWT Token：                                       Bearer eyJhbGciOiJIUzI1NiIsInR5cCI6IkpXVCJ9.eyJ1c2VySWQiOjI1Mjg4NTI2MzAwMDAwMCwiZnVsbE5hbWUiOiLns7vnu5_nrqHnkIblkZgiLCJvcGVuSWQiOm51bGwsImlhdCI6MTY3NDYxODQ0OSwibmJmIjoxNjc0NjE4NDQ5LCJleHAiOjE2NzUyMjMyNDksImlzcyI6IkFkbWluLk5FVCIsImF1ZCI6IkFkbWluLk5FVCJ9.Sod-D9G_kGXtwvPs86JpIhAlCdEfYGVrin_MXi8Xaf4
      ┣ 
      ┣ userId (integer64)：                              252885263000000
      ┣ fullName (string)：                               系统管理员
      ┣ openId (JSON_NULL)：                              
      ┣ iat (integer)：                                   1674618449 (2023-01-25 11:47:29:0000(+08:00) 星期三 L)
      ┣ nbf (integer)：                                   1674618449 (2023-01-25 11:47:29:0000(+08:00) 星期三 L)
      ┣ exp (integer)：                                   1675223249 (2023-02-01 11:47:29:0000(+08:00) 星期三 L)
      ┣ iss (string)：                                    Admin.NET
      ┣ aud (string)：                                    Admin.NET
      ┣ ━━━━━━━━━━━━━━━  参数列表 ━━━━━━━━━━━━━━━
      ┣ Content-Type：                                    application/json
      ┣ 
      ┣ request (UpdateGlobalConfigurationInput)：        {"id":"378493955158341","baseUrl":"localhost","requestIdKey":"11111111","downstreamScheme":"http","downstreamHttpVersion":"1.0","loadBalancerOptions":{"type":null,"key":null,"expiry":null},"httpHandlerOptions":{"allowAutoRedirect":null,"useCookieContainer":null,"useTracing":null,"useProxy":null,"maxConnectionsPerServer":null},"qoSOptions":{"enabled":null,"exceptionsAllowedBeforeBreaking":null,"durationOfBreak":null,"timeoutValue":null},"rateLimitOptions":{"clientWhitelist":null,"enableRateLimiting":null,"period":null,"periodTimespan":null,"limit":null},"serviceDiscoveryProviderOptions":{"enabled":null,"scheme":null,"host":null,"port":null,"type":null,"token":null,"configurationKey":null,"pollingInterval":null,"namespace":null}}
      ┣ ━━━━━━━━━━━━━━━  返回信息 ━━━━━━━━━━━━━━━
      ┣ 原始类型：                                        System.Threading.Tasks.Task_System.String
      ┣ 最终类型：                                        Hx.Core.HxUnifyResult_System.Object
      ┣ 最终返回值：                                      {"code":200,"type":"success","errors":null,"data":"编辑全局配置成功","extras":null,"timestamp":"1674627232836"}
      ┗━━━━━━━━━━━  Logging Monitor ━━━━━━━━━━━
info: 2023-01-25 14:14:01.4229340 +08:00 星期三 L System.Logging.LoggingMonitor[0] #23
      ┏━━━━━━━━━━━  Logging Monitor ━━━━━━━━━━━
      ┣ Hx.Gateway.Application.Services.GlobalConfiguration.GlobalConfigurationService.GetGlobalConfigurationAsync (Hx.Gateway.Application)
      ┣ 
      ┣ 控制器名称：                GlobalConfigurationService
      ┣ 操作名称：                  GetGlobalConfigurationAsync
      ┣ 路由信息：                  [area]: ; [controller]: globalConfiguration; [action]: getGlobalConfiguration
      ┣ 请求方式：                  GET
      ┣ 请求地址：                  http://localhost:5050/api/globalconfiguration/getGlobalConfiguration
      ┣ 来源地址：                  http://localhost:3000/
      ┣ 请求端源：                  client
      ┣ 浏览器标识：                Mozilla/5.0 (Windows NT 10.0; Win64; x64) AppleWebKit/537.36 (KHTML, like Gecko) Chrome/109.0.0.0 Safari/537.36
      ┣ 客户端 IP 地址：            0.0.0.1
      ┣ 服务端 IP 地址：            0.0.0.1
      ┣ 执行耗时：                  102ms
      ┣ ━━━━━━━━━━━━━━━  Cookies ━━━━━━━━━━━━━━━
      ┣ 请求端：                    
      ┣ 响应端：                    
      ┣ ━━━━━━━━━━━━━━━  系统信息 ━━━━━━━━━━━━━━━
      ┣ 系统名称：                  Microsoft Windows 10.0.18363
      ┣ 系统架构：                  X64
      ┣ 基础框架：                  Furion.Pure v4.8.4.16
      ┣ .NET 架构：                 .NET 6.0.11
      ┣ ━━━━━━━━━━━━━━━  启动信息 ━━━━━━━━━━━━━━━
      ┣ 运行环境：                  Development
      ┣ 启动程序集：                Hx.Gateway.Web.Entry
      ┣ 进程名称：                  Hx.Gateway.Web.Entry
      ┣ 托管程序：                  Kestrel
      ┣ ━━━━━━━━━━━━━━━  授权信息 ━━━━━━━━━━━━━━━
      ┣ JWT Token：                 Bearer eyJhbGciOiJIUzI1NiIsInR5cCI6IkpXVCJ9.eyJ1c2VySWQiOjI1Mjg4NTI2MzAwMDAwMCwiZnVsbE5hbWUiOiLns7vnu5_nrqHnkIblkZgiLCJvcGVuSWQiOm51bGwsImlhdCI6MTY3NDYxODQ0OSwibmJmIjoxNjc0NjE4NDQ5LCJleHAiOjE2NzUyMjMyNDksImlzcyI6IkFkbWluLk5FVCIsImF1ZCI6IkFkbWluLk5FVCJ9.Sod-D9G_kGXtwvPs86JpIhAlCdEfYGVrin_MXi8Xaf4
      ┣ 
      ┣ userId (integer64)：        252885263000000
      ┣ fullName (string)：         系统管理员
      ┣ openId (JSON_NULL)：        
      ┣ iat (integer)：             1674618449 (2023-01-25 11:47:29:0000(+08:00) 星期三 L)
      ┣ nbf (integer)：             1674618449 (2023-01-25 11:47:29:0000(+08:00) 星期三 L)
      ┣ exp (integer)：             1675223249 (2023-02-01 11:47:29:0000(+08:00) 星期三 L)
      ┣ iss (string)：              Admin.NET
      ┣ aud (string)：              Admin.NET
      ┣ ━━━━━━━━━━━━━━━  返回信息 ━━━━━━━━━━━━━━━
      ┣ 原始类型：                  System.Threading.Tasks.Task_Hx.Gateway.Application.Services.GlobalConfiguration.Dtos.GlobalConfigurationOutput
      ┣ 最终类型：                  Hx.Core.HxUnifyResult_System.Object
      ┣ 最终返回值：                {"code":200,"type":"success","errors":null,"data":{"id":"378493955158341","baseUrl":"localhost","requestIdKey":"11111111","downstreamScheme":"http","downstreamHttpVersion":"1.0","loadBalancerOptions":{"type":null,"key":null,"expiry":null},"httpHandlerOptions":{"allowAutoRedirect":null,"useCookieContainer":null,"useTracing":null,"useProxy":null,"maxConnectionsPerServer":null},"qoSOptions":{"enabled":null,"exceptionsAllowedBeforeBreaking":null,"durationOfBreak":null,"timeoutValue":null},"rateLimit
      ┗━━━━━━━━━━━  Logging Monitor ━━━━━━━━━━━
info: 2023-01-25 14:16:39.4937090 +08:00 星期三 L System.Logging.LoggingMonitor[0] #33
      ┏━━━━━━━━━━━  Logging Monitor ━━━━━━━━━━━
      ┣ Hx.Gateway.Application.Services.GlobalConfiguration.GlobalConfigurationService.UpdateGlobalConfigurationAsync (Hx.Gateway.Application)
      ┣ 
      ┣ 控制器名称：                                      GlobalConfigurationService
      ┣ 操作名称：                                        UpdateGlobalConfigurationAsync
      ┣ 路由信息：                                        [area]: ; [controller]: globalConfiguration; [action]: updateGlobalConfiguration
      ┣ 请求方式：                                        PUT
      ┣ 请求地址：                                        http://localhost:5050/api/globalconfiguration/updateGlobalConfiguration
      ┣ 来源地址：                                        http://localhost:3000/
      ┣ 请求端源：                                        client
      ┣ 浏览器标识：                                      Mozilla/5.0 (Windows NT 10.0; Win64; x64) AppleWebKit/537.36 (KHTML, like Gecko) Chrome/109.0.0.0 Safari/537.36
      ┣ 客户端 IP 地址：                                  0.0.0.1
      ┣ 服务端 IP 地址：                                  0.0.0.1
      ┣ 执行耗时：                                        88ms
      ┣ ━━━━━━━━━━━━━━━  Cookies ━━━━━━━━━━━━━━━
      ┣ 请求端：                                          
      ┣ 响应端：                                          
      ┣ ━━━━━━━━━━━━━━━  系统信息 ━━━━━━━━━━━━━━━
      ┣ 系统名称：                                        Microsoft Windows 10.0.18363
      ┣ 系统架构：                                        X64
      ┣ 基础框架：                                        Furion.Pure v4.8.4.16
      ┣ .NET 架构：                                       .NET 6.0.11
      ┣ ━━━━━━━━━━━━━━━  启动信息 ━━━━━━━━━━━━━━━
      ┣ 运行环境：                                        Development
      ┣ 启动程序集：                                      Hx.Gateway.Web.Entry
      ┣ 进程名称：                                        Hx.Gateway.Web.Entry
      ┣ 托管程序：                                        Kestrel
      ┣ ━━━━━━━━━━━━━━━  授权信息 ━━━━━━━━━━━━━━━
      ┣ JWT Token：                                       Bearer eyJhbGciOiJIUzI1NiIsInR5cCI6IkpXVCJ9.eyJ1c2VySWQiOjI1Mjg4NTI2MzAwMDAwMCwiZnVsbE5hbWUiOiLns7vnu5_nrqHnkIblkZgiLCJvcGVuSWQiOm51bGwsImlhdCI6MTY3NDYxODQ0OSwibmJmIjoxNjc0NjE4NDQ5LCJleHAiOjE2NzUyMjMyNDksImlzcyI6IkFkbWluLk5FVCIsImF1ZCI6IkFkbWluLk5FVCJ9.Sod-D9G_kGXtwvPs86JpIhAlCdEfYGVrin_MXi8Xaf4
      ┣ 
      ┣ userId (integer64)：                              252885263000000
      ┣ fullName (string)：                               系统管理员
      ┣ openId (JSON_NULL)：                              
      ┣ iat (integer)：                                   1674618449 (2023-01-25 11:47:29:0000(+08:00) 星期三 L)
      ┣ nbf (integer)：                                   1674618449 (2023-01-25 11:47:29:0000(+08:00) 星期三 L)
      ┣ exp (integer)：                                   1675223249 (2023-02-01 11:47:29:0000(+08:00) 星期三 L)
      ┣ iss (string)：                                    Admin.NET
      ┣ aud (string)：                                    Admin.NET
      ┣ ━━━━━━━━━━━━━━━  参数列表 ━━━━━━━━━━━━━━━
      ┣ Content-Type：                                    application/json
      ┣ 
      ┣ request (UpdateGlobalConfigurationInput)：        {"id":"378493955158341","baseUrl":"localhost","requestIdKey":"11111111","downstreamScheme":"","downstreamHttpVersion":"","loadBalancerOptions":{"type":null,"key":null,"expiry":null},"httpHandlerOptions":{"allowAutoRedirect":null,"useCookieContainer":null,"useTracing":null,"useProxy":null,"maxConnectionsPerServer":null},"qoSOptions":{"enabled":null,"exceptionsAllowedBeforeBreaking":null,"durationOfBreak":null,"timeoutValue":null},"rateLimitOptions":{"clientWhitelist":null,"enableRateLimiting":null,"period":null,"periodTimespan":null,"limit":null},"serviceDiscoveryProviderOptions":{"enabled":null,"scheme":null,"host":null,"port":null,"type":null,"token":null,"configurationKey":null,"pollingInterval":null,"namespace":null}}
      ┣ ━━━━━━━━━━━━━━━  返回信息 ━━━━━━━━━━━━━━━
      ┣ 原始类型：                                        System.Threading.Tasks.Task_System.String
      ┣ 最终类型：                                        Hx.Core.HxUnifyResult_System.Object
      ┣ 最终返回值：                                      {"code":200,"type":"success","errors":null,"data":"编辑全局配置成功","extras":null,"timestamp":"1674627399490"}
      ┗━━━━━━━━━━━  Logging Monitor ━━━━━━━━━━━
